{"/home/travis/build/npmtest/node-npmtest-yaml-js/test.js":{"path":"/home/travis/build/npmtest/node-npmtest-yaml-js/test.js","s":{"1":2,"2":2,"3":2,"4":2,"5":2,"6":2,"7":2,"8":1,"9":2,"10":2,"11":1,"12":1,"13":1,"14":1,"15":2,"16":2,"17":2,"18":2,"19":1,"20":1,"21":2,"22":2,"23":2,"24":1,"25":1,"26":1,"27":1,"28":1,"29":1,"30":1,"31":1,"32":1,"33":1,"34":1,"35":1,"36":1,"37":1,"38":1,"39":2,"40":2,"41":1,"42":2,"43":2,"44":1,"45":2,"46":2,"47":1,"48":2,"49":2,"50":1,"51":1,"52":1,"53":1,"54":1},"b":{"1":[2,1,1,1],"2":[1,1,1,1],"3":[1,1],"4":[1,1],"5":[1,1],"6":[1,1],"7":[1,1],"8":[1,1],"9":[1,1],"10":[1,1,1],"11":[1,1],"12":[1,1],"13":[1,1],"14":[1,1],"15":[1,1],"16":[1,1],"17":[1,1]},"f":{"1":2,"2":2,"3":2,"4":2,"5":2,"6":1,"7":1,"8":1,"9":2,"10":2,"11":2,"12":2,"13":1},"fnMap":{"1":{"name":"(anonymous_1)","line":12,"loc":{"start":{"line":12,"column":1},"end":{"line":12,"column":13}}},"2":{"name":"(anonymous_2)","line":19,"loc":{"start":{"line":19,"column":5},"end":{"line":19,"column":17}}},"3":{"name":"(anonymous_3)","line":23,"loc":{"start":{"line":23,"column":24},"end":{"line":23,"column":36}}},"4":{"name":"(anonymous_4)","line":61,"loc":{"start":{"line":61,"column":5},"end":{"line":61,"column":17}}},"5":{"name":"(anonymous_5)","line":82,"loc":{"start":{"line":82,"column":5},"end":{"line":82,"column":17}}},"6":{"name":"(anonymous_6)","line":91,"loc":{"start":{"line":91,"column":77},"end":{"line":94,"column":10}}},"7":{"name":"(anonymous_7)","line":112,"loc":{"start":{"line":112,"column":83},"end":{"line":115,"column":10}},"skip":true},"8":{"name":"(anonymous_8)","line":123,"loc":{"start":{"line":123,"column":77},"end":{"line":126,"column":10}},"skip":true},"9":{"name":"(anonymous_9)","line":139,"loc":{"start":{"line":139,"column":12},"end":{"line":139,"column":40}},"skip":true},"10":{"name":"(anonymous_10)","line":147,"loc":{"start":{"line":147,"column":77},"end":{"line":150,"column":10}},"skip":true},"11":{"name":"(anonymous_11)","line":158,"loc":{"start":{"line":158,"column":83},"end":{"line":161,"column":10}},"skip":true},"12":{"name":"(anonymous_12)","line":169,"loc":{"start":{"line":169,"column":79},"end":{"line":172,"column":10}},"skip":true},"13":{"name":"(anonymous_13)","line":180,"loc":{"start":{"line":180,"column":75},"end":{"line":183,"column":10}},"skip":true}},"statementMap":{"1":{"start":{"line":12,"column":0},"end":{"line":195,"column":5}},"2":{"start":{"line":14,"column":4},"end":{"line":14,"column":14}},"3":{"start":{"line":19,"column":4},"end":{"line":56,"column":9}},"4":{"start":{"line":21,"column":8},"end":{"line":21,"column":19}},"5":{"start":{"line":23,"column":8},"end":{"line":35,"column":13}},"6":{"start":{"line":24,"column":12},"end":{"line":34,"column":13}},"7":{"start":{"line":25,"column":16},"end":{"line":28,"column":30}},"8":{"start":{"line":30,"column":16},"end":{"line":33,"column":27}},"9":{"start":{"line":37,"column":8},"end":{"line":39,"column":21}},"10":{"start":{"line":40,"column":8},"end":{"line":53,"column":9}},"11":{"start":{"line":43,"column":12},"end":{"line":46,"column":14}},"12":{"start":{"line":47,"column":12},"end":{"line":47,"column":18}},"13":{"start":{"line":50,"column":12},"end":{"line":51,"column":46}},"14":{"start":{"line":52,"column":12},"end":{"line":52,"column":18}},"15":{"start":{"line":55,"column":8},"end":{"line":55,"column":35}},"16":{"start":{"line":61,"column":4},"end":{"line":63,"column":9}},"17":{"start":{"line":62,"column":8},"end":{"line":62,"column":15}},"18":{"start":{"line":64,"column":4},"end":{"line":77,"column":5}},"19":{"start":{"line":70,"column":8},"end":{"line":70,"column":14}},"20":{"start":{"line":76,"column":8},"end":{"line":76,"column":14}},"21":{"start":{"line":82,"column":4},"end":{"line":84,"column":9}},"22":{"start":{"line":83,"column":8},"end":{"line":83,"column":15}},"23":{"start":{"line":85,"column":4},"end":{"line":194,"column":5}},"24":{"start":{"line":91,"column":8},"end":{"line":99,"column":10}},"25":{"start":{"line":98,"column":12},"end":{"line":98,"column":35}},"26":{"start":{"line":102,"column":8},"end":{"line":104,"column":63}},"27":{"start":{"line":105,"column":8},"end":{"line":105,"column":14}},"28":{"start":{"line":112,"column":8},"end":{"line":121,"column":10},"skip":true},"29":{"start":{"line":119,"column":12},"end":{"line":119,"column":55},"skip":true},"30":{"start":{"line":120,"column":12},"end":{"line":120,"column":48},"skip":true},"31":{"start":{"line":123,"column":8},"end":{"line":136,"column":10},"skip":true},"32":{"start":{"line":130,"column":12},"end":{"line":130,"column":76},"skip":true},"33":{"start":{"line":131,"column":12},"end":{"line":131,"column":73},"skip":true},"34":{"start":{"line":132,"column":12},"end":{"line":132,"column":74},"skip":true},"35":{"start":{"line":133,"column":12},"end":{"line":133,"column":79},"skip":true},"36":{"start":{"line":134,"column":12},"end":{"line":134,"column":25},"skip":true},"37":{"start":{"line":135,"column":12},"end":{"line":135,"column":45},"skip":true},"38":{"start":{"line":138,"column":8},"end":{"line":145,"column":14},"skip":true},"39":{"start":{"line":143,"column":16},"end":{"line":143,"column":29},"skip":true},"40":{"start":{"line":144,"column":16},"end":{"line":144,"column":55},"skip":true},"41":{"start":{"line":147,"column":8},"end":{"line":156,"column":10},"skip":true},"42":{"start":{"line":154,"column":12},"end":{"line":154,"column":25},"skip":true},"43":{"start":{"line":155,"column":12},"end":{"line":155,"column":45},"skip":true},"44":{"start":{"line":158,"column":8},"end":{"line":167,"column":10},"skip":true},"45":{"start":{"line":165,"column":12},"end":{"line":165,"column":25},"skip":true},"46":{"start":{"line":166,"column":12},"end":{"line":166,"column":48},"skip":true},"47":{"start":{"line":169,"column":8},"end":{"line":178,"column":10},"skip":true},"48":{"start":{"line":176,"column":12},"end":{"line":176,"column":25},"skip":true},"49":{"start":{"line":177,"column":12},"end":{"line":177,"column":46},"skip":true},"50":{"start":{"line":180,"column":8},"end":{"line":189,"column":10},"skip":true},"51":{"start":{"line":187,"column":12},"end":{"line":187,"column":94},"skip":true},"52":{"start":{"line":188,"column":12},"end":{"line":188,"column":48},"skip":true},"53":{"start":{"line":192,"column":8},"end":{"line":192,"column":35},"skip":true},"54":{"start":{"line":193,"column":8},"end":{"line":193,"column":14},"skip":true}},"branchMap":{"1":{"line":25,"type":"binary-expr","locations":[{"start":{"line":25,"column":23},"end":{"line":25,"column":62}},{"start":{"line":26,"column":20},"end":{"line":26,"column":70}},{"start":{"line":27,"column":20},"end":{"line":27,"column":71}},{"start":{"line":28,"column":20},"end":{"line":28,"column":29}}]},"2":{"line":30,"type":"binary-expr","locations":[{"start":{"line":30,"column":23},"end":{"line":30,"column":37}},{"start":{"line":31,"column":20},"end":{"line":31,"column":61}},{"start":{"line":32,"column":20},"end":{"line":32,"column":70}},{"start":{"line":33,"column":20},"end":{"line":33,"column":26}}]},"3":{"line":37,"type":"cond-expr","locations":[{"start":{"line":38,"column":14},"end":{"line":38,"column":20}},{"start":{"line":39,"column":14},"end":{"line":39,"column":20}}]},"4":{"line":40,"type":"switch","locations":[{"start":{"line":42,"column":8},"end":{"line":47,"column":18}},{"start":{"line":49,"column":8},"end":{"line":52,"column":18}}]},"5":{"line":44,"type":"binary-expr","locations":[{"start":{"line":44,"column":16},"end":{"line":44,"column":44}},{"start":{"line":44,"column":48},"end":{"line":44,"column":66}}]},"6":{"line":50,"type":"binary-expr","locations":[{"start":{"line":50,"column":21},"end":{"line":50,"column":49}},{"start":{"line":50,"column":53},"end":{"line":50,"column":72}}]},"7":{"line":64,"type":"switch","locations":[{"start":{"line":69,"column":4},"end":{"line":70,"column":14}},{"start":{"line":75,"column":4},"end":{"line":76,"column":14}}]},"8":{"line":85,"type":"switch","locations":[{"start":{"line":90,"column":4},"end":{"line":105,"column":14}},{"start":{"line":111,"column":4},"end":{"line":193,"column":14},"skip":true}]},"9":{"line":91,"type":"binary-expr","locations":[{"start":{"line":91,"column":42},"end":{"line":91,"column":73}},{"start":{"line":91,"column":77},"end":{"line":99,"column":9}}]},"10":{"line":102,"type":"binary-expr","locations":[{"start":{"line":102,"column":18},"end":{"line":102,"column":32}},{"start":{"line":103,"column":12},"end":{"line":103,"column":53}},{"start":{"line":104,"column":12},"end":{"line":104,"column":61}}]},"11":{"line":112,"type":"binary-expr","locations":[{"start":{"line":112,"column":45},"end":{"line":112,"column":79},"skip":true},{"start":{"line":112,"column":83},"end":{"line":121,"column":9},"skip":true}]},"12":{"line":123,"type":"binary-expr","locations":[{"start":{"line":123,"column":42},"end":{"line":123,"column":73},"skip":true},{"start":{"line":123,"column":77},"end":{"line":136,"column":9},"skip":true}]},"13":{"line":138,"type":"binary-expr","locations":[{"start":{"line":138,"column":48},"end":{"line":138,"column":85},"skip":true},{"start":{"line":139,"column":12},"end":{"line":145,"column":13},"skip":true}]},"14":{"line":147,"type":"binary-expr","locations":[{"start":{"line":147,"column":42},"end":{"line":147,"column":73},"skip":true},{"start":{"line":147,"column":77},"end":{"line":156,"column":9},"skip":true}]},"15":{"line":158,"type":"binary-expr","locations":[{"start":{"line":158,"column":45},"end":{"line":158,"column":79},"skip":true},{"start":{"line":158,"column":83},"end":{"line":167,"column":9},"skip":true}]},"16":{"line":169,"type":"binary-expr","locations":[{"start":{"line":169,"column":43},"end":{"line":169,"column":75},"skip":true},{"start":{"line":169,"column":79},"end":{"line":178,"column":9},"skip":true}]},"17":{"line":180,"type":"binary-expr","locations":[{"start":{"line":180,"column":41},"end":{"line":180,"column":71},"skip":true},{"start":{"line":180,"column":75},"end":{"line":189,"column":9},"skip":true}]}},"code":["/* istanbul instrument in package npmtest_yaml_js */","/*jslint","    bitwise: true,","    browser: true,","    maxerr: 8,","    maxlen: 96,","    node: true,","    nomen: true,","    regexp: true,","    stupid: true","*/","(function () {","    'use strict';","    var local;","","","","    // run shared js-env code - pre-init","    (function () {","        // init local","        local = {};","        // init modeJs","        local.modeJs = (function () {","            try {","                return typeof navigator.userAgent === 'string' &&","                    typeof document.querySelector('body') === 'object' &&","                    typeof XMLHttpRequest.prototype.open === 'function' &&","                    'browser';","            } catch (errorCaughtBrowser) {","                return module.exports &&","                    typeof process.versions.node === 'string' &&","                    typeof require('http').createServer === 'function' &&","                    'node';","            }","        }());","        // init global","        local.global = local.modeJs === 'browser'","            ? window","            : global;","        switch (local.modeJs) {","        // re-init local from window.local","        case 'browser':","            local = local.global.utility2.objectSetDefault(","                local.global.utility2_rollup || local.global.local,","                local.global.utility2","            );","            break;","        // re-init local from example.js","        case 'node':","            local = (local.global.utility2_rollup || require('utility2'))","                .requireExampleJsFromReadme();","            break;","        }","        // export local","        local.global.local = local;","    }());","","","","    // run shared js-env code - function","    (function () {","        return;","    }());","    switch (local.modeJs) {","","","","    // run browser js-env code - function","    case 'browser':","        break;","","","","    // run node js-env code - function","    case 'node':","        break;","    }","","","","    // run shared js-env code - post-init","    (function () {","        return;","    }());","    switch (local.modeJs) {","","","","    // run browser js-env code - post-init","    case 'browser':","        local.testCase_browser_nullCase = local.testCase_browser_nullCase || function (","            options,","            onError","        ) {","        /*","         * this function will test browsers's null-case handling-behavior-behavior","         */","            onError(null, options);","        };","","        // run tests","        local.nop(local.modeTest &&","            document.querySelector('#testRunButton1') &&","            document.querySelector('#testRunButton1').click());","        break;","","","","    // run node js-env code - post-init","    /* istanbul ignore next */","    case 'node':","        local.testCase_buildApidoc_default = local.testCase_buildApidoc_default || function (","            options,","            onError","        ) {","        /*","         * this function will test buildApidoc's default handling-behavior-behavior","         */","            options = { modulePathList: module.paths };","            local.buildApidoc(options, onError);","        };","","        local.testCase_buildApp_default = local.testCase_buildApp_default || function (","            options,","            onError","        ) {","        /*","         * this function will test buildApp's default handling-behavior-behavior","         */","            local.testCase_buildReadme_default(options, local.onErrorThrow);","            local.testCase_buildLib_default(options, local.onErrorThrow);","            local.testCase_buildTest_default(options, local.onErrorThrow);","            local.testCase_buildCustomOrg_default(options, local.onErrorThrow);","            options = [];","            local.buildApp(options, onError);","        };","","        local.testCase_buildCustomOrg_default = local.testCase_buildCustomOrg_default ||","            function (options, onError) {","            /*","             * this function will test buildCustomOrg's default handling-behavior","             */","                options = {};","                local.buildCustomOrg(options, onError);","            };","","        local.testCase_buildLib_default = local.testCase_buildLib_default || function (","            options,","            onError","        ) {","        /*","         * this function will test buildLib's default handling-behavior","         */","            options = {};","            local.buildLib(options, onError);","        };","","        local.testCase_buildReadme_default = local.testCase_buildReadme_default || function (","            options,","            onError","        ) {","        /*","         * this function will test buildReadme's default handling-behavior-behavior","         */","            options = {};","            local.buildReadme(options, onError);","        };","","        local.testCase_buildTest_default = local.testCase_buildTest_default || function (","            options,","            onError","        ) {","        /*","         * this function will test buildTest's default handling-behavior","         */","            options = {};","            local.buildTest(options, onError);","        };","","        local.testCase_webpage_default = local.testCase_webpage_default || function (","            options,","            onError","        ) {","        /*","         * this function will test webpage's default handling-behavior","         */","            options = { modeCoverageMerge: true, url: local.serverLocalHost + '?modeTest=1' };","            local.browserTest(options, onError);","        };","","        // run test-server","        local.testRunServer(local);","        break;","    }","}());",""],"l":{"12":2,"14":2,"19":2,"21":2,"23":2,"24":2,"25":2,"30":1,"37":2,"40":2,"43":1,"47":1,"50":1,"52":1,"55":2,"61":2,"62":2,"64":2,"70":1,"76":1,"82":2,"83":2,"85":2,"91":1,"98":1,"102":1,"105":1,"112":1,"119":1,"120":1,"123":1,"130":1,"131":1,"132":1,"133":1,"134":1,"135":1,"138":1,"143":2,"144":2,"147":1,"154":2,"155":2,"158":1,"165":2,"166":2,"169":1,"176":2,"177":2,"180":1,"187":1,"188":1,"192":1,"193":1}},"/home/travis/build/npmtest/node-npmtest-yaml-js/lib.npmtest_yaml_js.js":{"path":"/home/travis/build/npmtest/node-npmtest-yaml-js/lib.npmtest_yaml_js.js","s":{"1":2,"2":2,"3":2,"4":2,"5":2,"6":2,"7":2,"8":1,"9":2,"10":2,"11":2,"12":2,"13":1,"14":1,"15":1,"16":1},"b":{"1":[2,1,1,1],"2":[1,1,1,1],"3":[1,1],"4":[2,2],"5":[1,1]},"f":{"1":2,"2":2,"3":2},"fnMap":{"1":{"name":"(anonymous_1)","line":12,"loc":{"start":{"line":12,"column":1},"end":{"line":12,"column":13}}},"2":{"name":"(anonymous_2)","line":19,"loc":{"start":{"line":19,"column":5},"end":{"line":19,"column":17}}},"3":{"name":"(anonymous_3)","line":23,"loc":{"start":{"line":23,"column":24},"end":{"line":23,"column":36}}}},"statementMap":{"1":{"start":{"line":12,"column":0},"end":{"line":53,"column":5}},"2":{"start":{"line":14,"column":4},"end":{"line":14,"column":14}},"3":{"start":{"line":19,"column":4},"end":{"line":52,"column":9}},"4":{"start":{"line":21,"column":8},"end":{"line":21,"column":19}},"5":{"start":{"line":23,"column":8},"end":{"line":35,"column":13}},"6":{"start":{"line":24,"column":12},"end":{"line":34,"column":13}},"7":{"start":{"line":25,"column":16},"end":{"line":28,"column":30}},"8":{"start":{"line":30,"column":16},"end":{"line":33,"column":27}},"9":{"start":{"line":37,"column":8},"end":{"line":39,"column":21}},"10":{"start":{"line":41,"column":8},"end":{"line":41,"column":54}},"11":{"start":{"line":43,"column":8},"end":{"line":43,"column":52}},"12":{"start":{"line":45,"column":8},"end":{"line":51,"column":9}},"13":{"start":{"line":46,"column":12},"end":{"line":46,"column":58}},"14":{"start":{"line":48,"column":12},"end":{"line":48,"column":35}},"15":{"start":{"line":49,"column":12},"end":{"line":49,"column":49}},"16":{"start":{"line":50,"column":12},"end":{"line":50,"column":43}}},"branchMap":{"1":{"line":25,"type":"binary-expr","locations":[{"start":{"line":25,"column":23},"end":{"line":25,"column":62}},{"start":{"line":26,"column":20},"end":{"line":26,"column":70}},{"start":{"line":27,"column":20},"end":{"line":27,"column":71}},{"start":{"line":28,"column":20},"end":{"line":28,"column":29}}]},"2":{"line":30,"type":"binary-expr","locations":[{"start":{"line":30,"column":23},"end":{"line":30,"column":37}},{"start":{"line":31,"column":20},"end":{"line":31,"column":61}},{"start":{"line":32,"column":20},"end":{"line":32,"column":70}},{"start":{"line":33,"column":20},"end":{"line":33,"column":26}}]},"3":{"line":37,"type":"cond-expr","locations":[{"start":{"line":38,"column":14},"end":{"line":38,"column":20}},{"start":{"line":39,"column":14},"end":{"line":39,"column":20}}]},"4":{"line":41,"type":"binary-expr","locations":[{"start":{"line":41,"column":16},"end":{"line":41,"column":44}},{"start":{"line":41,"column":48},"end":{"line":41,"column":53}}]},"5":{"line":45,"type":"if","locations":[{"start":{"line":45,"column":8},"end":{"line":45,"column":8}},{"start":{"line":45,"column":8},"end":{"line":45,"column":8}}]}},"code":["/* istanbul instrument in package npmtest_yaml_js */","/*jslint","    bitwise: true,","    browser: true,","    maxerr: 8,","    maxlen: 96,","    node: true,","    nomen: true,","    regexp: true,","    stupid: true","*/","(function () {","    'use strict';","    var local;","","","","    // run shared js-env code - pre-init","    (function () {","        // init local","        local = {};","        // init modeJs","        local.modeJs = (function () {","            try {","                return typeof navigator.userAgent === 'string' &&","                    typeof document.querySelector('body') === 'object' &&","                    typeof XMLHttpRequest.prototype.open === 'function' &&","                    'browser';","            } catch (errorCaughtBrowser) {","                return module.exports &&","                    typeof process.versions.node === 'string' &&","                    typeof require('http').createServer === 'function' &&","                    'node';","            }","        }());","        // init global","        local.global = local.modeJs === 'browser'","            ? window","            : global;","        // init utility2_rollup","        local = local.global.utility2_rollup || local;","        // init lib","        local.local = local.npmtest_yaml_js = local;","        // init exports","        if (local.modeJs === 'browser') {","            local.global.utility2_npmtest_yaml_js = local;","        } else {","            module.exports = local;","            module.exports.__dirname = __dirname;","            module.exports.module = module;","        }","    }());","}());",""],"l":{"12":2,"14":2,"19":2,"21":2,"23":2,"24":2,"25":2,"30":1,"37":2,"41":2,"43":2,"45":2,"46":1,"48":1,"49":1,"50":1}},"/home/travis/build/npmtest/node-npmtest-yaml-js/example.js":{"path":"/home/travis/build/npmtest/node-npmtest-yaml-js/example.js","s":{"1":2,"2":2,"3":2,"4":2,"5":2,"6":2,"7":2,"8":1,"9":2,"10":2,"11":2,"12":2,"13":1,"14":2,"15":2,"16":2,"17":2,"18":2,"19":0,"20":2,"21":1,"22":1,"23":1,"24":1,"25":1,"26":0,"27":0,"28":1,"29":1,"30":2,"31":0,"32":0,"33":0,"34":1,"35":2,"36":2,"37":3,"38":3,"39":3,"40":3,"41":0,"42":3,"43":3,"44":3,"45":1,"46":3,"47":1,"48":1,"49":1,"50":1,"51":1,"52":1,"53":1,"54":1,"55":1,"56":1,"57":0,"58":1,"59":6,"60":6,"61":1,"62":2,"63":0,"64":2,"65":1,"66":1,"67":0,"68":0,"69":0,"70":0,"71":0,"72":0,"73":0,"74":0,"75":0,"76":0,"77":0,"78":0,"79":0,"80":0,"81":0,"82":0,"83":0},"b":{"1":[2,1,1,1],"2":[1,1,1,1],"3":[1,1],"4":[2,2],"5":[1,1],"6":[1,1],"7":[2,0],"8":[2,1,1,1,1,1],"9":[0,2,0],"10":[1,1],"11":[2,1,1],"12":[1,0],"13":[0,2],"14":[2,0,0,0,0,0,0],"15":[0,3],"16":[3,0],"17":[1,1],"18":[0,1],"19":[1,2,0,2],"20":[1,0],"21":[1,1],"22":[0,0],"23":[0,0],"24":[0,0],"25":[0,0],"26":[0,0],"27":[0,0],"28":[0,0]},"f":{"1":2,"2":2,"3":2,"4":2,"5":2,"6":2,"7":3,"8":3,"9":3,"10":1,"11":6,"12":0},"fnMap":{"1":{"name":"(anonymous_1)","line":26,"loc":{"start":{"line":26,"column":1},"end":{"line":26,"column":13}}},"2":{"name":"(anonymous_2)","line":33,"loc":{"start":{"line":33,"column":5},"end":{"line":33,"column":17}}},"3":{"name":"(anonymous_3)","line":37,"loc":{"start":{"line":37,"column":24},"end":{"line":37,"column":36}}},"4":{"name":"(anonymous_4)","line":69,"loc":{"start":{"line":69,"column":31},"end":{"line":69,"column":48}},"skip":true},"5":{"name":"(anonymous_5)","line":78,"loc":{"start":{"line":78,"column":26},"end":{"line":78,"column":45}},"skip":true},"6":{"name":"(anonymous_6)","line":123,"loc":{"start":{"line":123,"column":33},"end":{"line":123,"column":48}},"skip":true},"7":{"name":"(anonymous_7)","line":125,"loc":{"start":{"line":125,"column":27},"end":{"line":125,"column":39}},"skip":true},"8":{"name":"(anonymous_8)","line":133,"loc":{"start":{"line":133,"column":59},"end":{"line":133,"column":74}},"skip":true},"9":{"name":"(anonymous_9)","line":143,"loc":{"start":{"line":143,"column":45},"end":{"line":143,"column":62}},"skip":true},"10":{"name":"(anonymous_10)","line":144,"loc":{"start":{"line":144,"column":73},"end":{"line":144,"column":92}},"skip":true},"11":{"name":"(anonymous_11)","line":272,"loc":{"start":{"line":272,"column":51},"end":{"line":272,"column":77}},"skip":true},"12":{"name":"(anonymous_12)","line":315,"loc":{"start":{"line":315,"column":32},"end":{"line":315,"column":61}},"skip":true}},"statementMap":{"1":{"start":{"line":26,"column":0},"end":{"line":326,"column":5}},"2":{"start":{"line":28,"column":4},"end":{"line":28,"column":14}},"3":{"start":{"line":33,"column":4},"end":{"line":60,"column":9}},"4":{"start":{"line":35,"column":8},"end":{"line":35,"column":19}},"5":{"start":{"line":37,"column":8},"end":{"line":49,"column":13}},"6":{"start":{"line":38,"column":12},"end":{"line":48,"column":13}},"7":{"start":{"line":39,"column":16},"end":{"line":42,"column":30}},"8":{"start":{"line":44,"column":16},"end":{"line":47,"column":27}},"9":{"start":{"line":51,"column":8},"end":{"line":53,"column":21}},"10":{"start":{"line":55,"column":8},"end":{"line":57,"column":45}},"11":{"start":{"line":59,"column":8},"end":{"line":59,"column":35}},"12":{"start":{"line":61,"column":4},"end":{"line":325,"column":5}},"13":{"start":{"line":69,"column":8},"end":{"line":121,"column":10},"skip":true},"14":{"start":{"line":70,"column":12},"end":{"line":88,"column":13},"skip":true},"15":{"start":{"line":76,"column":16},"end":{"line":87,"column":19},"skip":true},"16":{"start":{"line":79,"column":20},"end":{"line":86,"column":21},"skip":true},"17":{"start":{"line":82,"column":24},"end":{"line":82,"column":43},"skip":true},"18":{"start":{"line":83,"column":24},"end":{"line":83,"column":30},"skip":true},"19":{"start":{"line":85,"column":24},"end":{"line":85,"column":49},"skip":true},"20":{"start":{"line":89,"column":12},"end":{"line":107,"column":13},"skip":true},"21":{"start":{"line":92,"column":16},"end":{"line":102,"column":17},"skip":true},"22":{"start":{"line":93,"column":20},"end":{"line":93,"column":86},"skip":true},"23":{"start":{"line":94,"column":20},"end":{"line":95,"column":45},"skip":true},"24":{"start":{"line":96,"column":20},"end":{"line":96,"column":42},"skip":true},"25":{"start":{"line":97,"column":20},"end":{"line":97,"column":48},"skip":true},"26":{"start":{"line":100,"column":20},"end":{"line":100,"column":85},"skip":true},"27":{"start":{"line":101,"column":20},"end":{"line":101,"column":96},"skip":true},"28":{"start":{"line":103,"column":16},"end":{"line":103,"column":22},"skip":true},"29":{"start":{"line":106,"column":16},"end":{"line":106,"column":22},"skip":true},"30":{"start":{"line":108,"column":12},"end":{"line":120,"column":13},"skip":true},"31":{"start":{"line":114,"column":16},"end":{"line":119,"column":17},"skip":true},"32":{"start":{"line":116,"column":20},"end":{"line":116,"column":78},"skip":true},"33":{"start":{"line":118,"column":20},"end":{"line":118,"column":47},"skip":true},"34":{"start":{"line":123,"column":8},"end":{"line":141,"column":11},"skip":true},"35":{"start":{"line":124,"column":12},"end":{"line":124,"column":54},"skip":true},"36":{"start":{"line":125,"column":12},"end":{"line":140,"column":14},"skip":true},"37":{"start":{"line":126,"column":16},"end":{"line":126,"column":28},"skip":true},"38":{"start":{"line":127,"column":16},"end":{"line":127,"column":69},"skip":true},"39":{"start":{"line":128,"column":16},"end":{"line":128,"column":75},"skip":true},"40":{"start":{"line":129,"column":16},"end":{"line":131,"column":17},"skip":true},"41":{"start":{"line":130,"column":20},"end":{"line":130,"column":27},"skip":true},"42":{"start":{"line":133,"column":16},"end":{"line":137,"column":36},"skip":true},"43":{"start":{"line":134,"column":20},"end":{"line":136,"column":55},"skip":true},"44":{"start":{"line":139,"column":16},"end":{"line":139,"column":57},"skip":true},"45":{"start":{"line":143,"column":8},"end":{"line":147,"column":11},"skip":true},"46":{"start":{"line":144,"column":12},"end":{"line":146,"column":15},"skip":true},"47":{"start":{"line":145,"column":16},"end":{"line":145,"column":70},"skip":true},"48":{"start":{"line":149,"column":8},"end":{"line":149,"column":31},"skip":true},"49":{"start":{"line":150,"column":8},"end":{"line":150,"column":14},"skip":true},"50":{"start":{"line":158,"column":8},"end":{"line":158,"column":31},"skip":true},"51":{"start":{"line":160,"column":8},"end":{"line":160,"column":33},"skip":true},"52":{"start":{"line":161,"column":8},"end":{"line":161,"column":37},"skip":true},"53":{"start":{"line":162,"column":8},"end":{"line":162,"column":35},"skip":true},"54":{"start":{"line":164,"column":8},"end":{"line":164,"column":50},"skip":true},"55":{"start":{"line":166,"column":8},"end":{"line":256,"column":2},"skip":true},"56":{"start":{"line":258,"column":8},"end":{"line":286,"column":9},"skip":true},"57":{"start":{"line":259,"column":12},"end":{"line":269,"column":14},"skip":true},"58":{"start":{"line":271,"column":12},"end":{"line":285,"column":19},"skip":true},"59":{"start":{"line":274,"column":20},"end":{"line":274,"column":35},"skip":true},"60":{"start":{"line":275,"column":20},"end":{"line":284,"column":21},"skip":true},"61":{"start":{"line":277,"column":24},"end":{"line":277,"column":64},"skip":true},"62":{"start":{"line":279,"column":24},"end":{"line":279,"column":40},"skip":true},"63":{"start":{"line":281,"column":24},"end":{"line":281,"column":40},"skip":true},"64":{"start":{"line":283,"column":24},"end":{"line":283,"column":39},"skip":true},"65":{"start":{"line":288,"column":8},"end":{"line":290,"column":9},"skip":true},"66":{"start":{"line":289,"column":12},"end":{"line":289,"column":18},"skip":true},"67":{"start":{"line":291,"column":8},"end":{"line":293,"column":54},"skip":true},"68":{"start":{"line":296,"column":8},"end":{"line":301,"column":37},"skip":true},"69":{"start":{"line":303,"column":8},"end":{"line":303,"column":82},"skip":true},"70":{"start":{"line":306,"column":8},"end":{"line":308,"column":9},"skip":true},"71":{"start":{"line":307,"column":12},"end":{"line":307,"column":82},"skip":true},"72":{"start":{"line":310,"column":8},"end":{"line":312,"column":9},"skip":true},"73":{"start":{"line":311,"column":12},"end":{"line":311,"column":18},"skip":true},"74":{"start":{"line":313,"column":8},"end":{"line":313,"column":54},"skip":true},"75":{"start":{"line":314,"column":8},"end":{"line":314,"column":69},"skip":true},"76":{"start":{"line":315,"column":8},"end":{"line":323,"column":36},"skip":true},"77":{"start":{"line":316,"column":12},"end":{"line":316,"column":61},"skip":true},"78":{"start":{"line":317,"column":12},"end":{"line":320,"column":13},"skip":true},"79":{"start":{"line":318,"column":16},"end":{"line":318,"column":75},"skip":true},"80":{"start":{"line":319,"column":16},"end":{"line":319,"column":23},"skip":true},"81":{"start":{"line":321,"column":12},"end":{"line":321,"column":38},"skip":true},"82":{"start":{"line":322,"column":12},"end":{"line":322,"column":27},"skip":true},"83":{"start":{"line":324,"column":8},"end":{"line":324,"column":14},"skip":true}},"branchMap":{"1":{"line":39,"type":"binary-expr","locations":[{"start":{"line":39,"column":23},"end":{"line":39,"column":62}},{"start":{"line":40,"column":20},"end":{"line":40,"column":70}},{"start":{"line":41,"column":20},"end":{"line":41,"column":71}},{"start":{"line":42,"column":20},"end":{"line":42,"column":29}}]},"2":{"line":44,"type":"binary-expr","locations":[{"start":{"line":44,"column":23},"end":{"line":44,"column":37}},{"start":{"line":45,"column":20},"end":{"line":45,"column":61}},{"start":{"line":46,"column":20},"end":{"line":46,"column":70}},{"start":{"line":47,"column":20},"end":{"line":47,"column":26}}]},"3":{"line":51,"type":"cond-expr","locations":[{"start":{"line":52,"column":14},"end":{"line":52,"column":20}},{"start":{"line":53,"column":14},"end":{"line":53,"column":20}}]},"4":{"line":55,"type":"binary-expr","locations":[{"start":{"line":55,"column":16},"end":{"line":55,"column":44}},{"start":{"line":55,"column":49},"end":{"line":57,"column":43}}]},"5":{"line":55,"type":"cond-expr","locations":[{"start":{"line":56,"column":14},"end":{"line":56,"column":51}},{"start":{"line":57,"column":14},"end":{"line":57,"column":43}}]},"6":{"line":61,"type":"switch","locations":[{"start":{"line":68,"column":4},"end":{"line":150,"column":14},"skip":true},{"start":{"line":156,"column":4},"end":{"line":324,"column":14},"skip":true}]},"7":{"line":70,"type":"if","locations":[{"start":{"line":70,"column":12},"end":{"line":70,"column":12},"skip":true},{"start":{"line":70,"column":12},"end":{"line":70,"column":12},"skip":true}]},"8":{"line":70,"type":"binary-expr","locations":[{"start":{"line":70,"column":16},"end":{"line":70,"column":22},"skip":true},{"start":{"line":70,"column":27},"end":{"line":70,"column":32},"skip":true},{"start":{"line":71,"column":20},"end":{"line":71,"column":39},"skip":true},{"start":{"line":72,"column":20},"end":{"line":72,"column":49},"skip":true},{"start":{"line":73,"column":20},"end":{"line":73,"column":58},"skip":true},{"start":{"line":74,"column":20},"end":{"line":74,"column":69},"skip":true}]},"9":{"line":79,"type":"switch","locations":[{"start":{"line":80,"column":20},"end":{"line":80,"column":33},"skip":true},{"start":{"line":81,"column":20},"end":{"line":83,"column":30},"skip":true},{"start":{"line":84,"column":20},"end":{"line":85,"column":49},"skip":true}]},"10":{"line":89,"type":"switch","locations":[{"start":{"line":90,"column":12},"end":{"line":103,"column":22},"skip":true},{"start":{"line":105,"column":12},"end":{"line":106,"column":22},"skip":true}]},"11":{"line":89,"type":"binary-expr","locations":[{"start":{"line":89,"column":20},"end":{"line":89,"column":25},"skip":true},{"start":{"line":89,"column":29},"end":{"line":89,"column":48},"skip":true},{"start":{"line":89,"column":52},"end":{"line":89,"column":74},"skip":true}]},"12":{"line":92,"type":"if","locations":[{"start":{"line":92,"column":16},"end":{"line":92,"column":16},"skip":true},{"start":{"line":92,"column":16},"end":{"line":92,"column":16},"skip":true}]},"13":{"line":108,"type":"if","locations":[{"start":{"line":108,"column":12},"end":{"line":108,"column":12},"skip":true},{"start":{"line":108,"column":12},"end":{"line":108,"column":12},"skip":true}]},"14":{"line":108,"type":"binary-expr","locations":[{"start":{"line":108,"column":16},"end":{"line":108,"column":61},"skip":true},{"start":{"line":108,"column":66},"end":{"line":108,"column":72},"skip":true},{"start":{"line":108,"column":77},"end":{"line":108,"column":82},"skip":true},{"start":{"line":109,"column":20},"end":{"line":109,"column":39},"skip":true},{"start":{"line":110,"column":20},"end":{"line":110,"column":49},"skip":true},{"start":{"line":111,"column":20},"end":{"line":111,"column":58},"skip":true},{"start":{"line":112,"column":20},"end":{"line":112,"column":68},"skip":true}]},"15":{"line":129,"type":"if","locations":[{"start":{"line":129,"column":16},"end":{"line":129,"column":16},"skip":true},{"start":{"line":129,"column":16},"end":{"line":129,"column":16},"skip":true}]},"16":{"line":134,"type":"cond-expr","locations":[{"start":{"line":135,"column":26},"end":{"line":135,"column":29},"skip":true},{"start":{"line":136,"column":26},"end":{"line":136,"column":54},"skip":true}]},"17":{"line":164,"type":"binary-expr","locations":[{"start":{"line":164,"column":27},"end":{"line":164,"column":43},"skip":true},{"start":{"line":164,"column":47},"end":{"line":164,"column":49},"skip":true}]},"18":{"line":258,"type":"if","locations":[{"start":{"line":258,"column":8},"end":{"line":258,"column":8},"skip":true},{"start":{"line":258,"column":8},"end":{"line":258,"column":8},"skip":true}]},"19":{"line":275,"type":"switch","locations":[{"start":{"line":276,"column":20},"end":{"line":277,"column":64},"skip":true},{"start":{"line":278,"column":20},"end":{"line":279,"column":40},"skip":true},{"start":{"line":280,"column":20},"end":{"line":281,"column":40},"skip":true},{"start":{"line":282,"column":20},"end":{"line":283,"column":39},"skip":true}]},"20":{"line":288,"type":"if","locations":[{"start":{"line":288,"column":8},"end":{"line":288,"column":8},"skip":true},{"start":{"line":288,"column":8},"end":{"line":288,"column":8},"skip":true}]},"21":{"line":288,"type":"binary-expr","locations":[{"start":{"line":288,"column":12},"end":{"line":288,"column":40},"skip":true},{"start":{"line":288,"column":44},"end":{"line":288,"column":67},"skip":true}]},"22":{"line":292,"type":"binary-expr","locations":[{"start":{"line":292,"column":12},"end":{"line":292,"column":50},"skip":true},{"start":{"line":293,"column":12},"end":{"line":293,"column":53},"skip":true}]},"23":{"line":297,"type":"binary-expr","locations":[{"start":{"line":297,"column":12},"end":{"line":297,"column":65},"skip":true},{"start":{"line":298,"column":12},"end":{"line":301,"column":36},"skip":true}]},"24":{"line":303,"type":"binary-expr","locations":[{"start":{"line":303,"column":43},"end":{"line":303,"column":75},"skip":true},{"start":{"line":303,"column":79},"end":{"line":303,"column":81},"skip":true}]},"25":{"line":306,"type":"if","locations":[{"start":{"line":306,"column":8},"end":{"line":306,"column":8},"skip":true},{"start":{"line":306,"column":8},"end":{"line":306,"column":8},"skip":true}]},"26":{"line":310,"type":"if","locations":[{"start":{"line":310,"column":8},"end":{"line":310,"column":8},"skip":true},{"start":{"line":310,"column":8},"end":{"line":310,"column":8},"skip":true}]},"27":{"line":313,"type":"binary-expr","locations":[{"start":{"line":313,"column":27},"end":{"line":313,"column":43},"skip":true},{"start":{"line":313,"column":47},"end":{"line":313,"column":53},"skip":true}]},"28":{"line":317,"type":"if","locations":[{"start":{"line":317,"column":12},"end":{"line":317,"column":12},"skip":true},{"start":{"line":317,"column":12},"end":{"line":317,"column":12},"skip":true}]}},"code":["/*","example.js","","quickstart example","","instruction","    1. save this script as example.js","    2. run the shell command:","        $ npm install npmtest-yaml-js && PORT=8081 node example.js","    3. play with the browser-demo on http://127.0.0.1:8081","*/","","","","/* istanbul instrument in package npmtest_yaml_js */","/*jslint","    bitwise: true,","    browser: true,","    maxerr: 8,","    maxlen: 96,","    node: true,","    nomen: true,","    regexp: true,","    stupid: true","*/","(function () {","    'use strict';","    var local;","","","","    // run shared js-env code - pre-init","    (function () {","        // init local","        local = {};","        // init modeJs","        local.modeJs = (function () {","            try {","                return typeof navigator.userAgent === 'string' &&","                    typeof document.querySelector('body') === 'object' &&","                    typeof XMLHttpRequest.prototype.open === 'function' &&","                    'browser';","            } catch (errorCaughtBrowser) {","                return module.exports &&","                    typeof process.versions.node === 'string' &&","                    typeof require('http').createServer === 'function' &&","                    'node';","            }","        }());","        // init global","        local.global = local.modeJs === 'browser'","            ? window","            : global;","        // init utility2_rollup","        local = local.global.utility2_rollup || (local.modeJs === 'browser'","            ? local.global.utility2_npmtest_yaml_js","            : global.utility2_moduleExports);","        // export local","        local.global.local = local;","    }());","    switch (local.modeJs) {","","","","    // post-init","    // run browser js-env code - post-init","    /* istanbul ignore next */","    case 'browser':","        local.testRunBrowser = function (event) {","            if (!event || (event &&","                    event.currentTarget &&","                    event.currentTarget.className &&","                    event.currentTarget.className.includes &&","                    event.currentTarget.className.includes('onreset'))) {","                // reset output","                Array.from(","                    document.querySelectorAll('body > .resettable')","                ).forEach(function (element) {","                    switch (element.tagName) {","                    case 'INPUT':","                    case 'TEXTAREA':","                        element.value = '';","                        break;","                    default:","                        element.textContent = '';","                    }","                });","            }","            switch (event && event.currentTarget && event.currentTarget.id) {","            case 'testRunButton1':","                // show tests","                if (document.querySelector('#testReportDiv1').style.display === 'none') {","                    document.querySelector('#testReportDiv1').style.display = 'block';","                    document.querySelector('#testRunButton1').textContent =","                        'hide internal test';","                    local.modeTest = true;","                    local.testRunDefault(local);","                // hide tests","                } else {","                    document.querySelector('#testReportDiv1').style.display = 'none';","                    document.querySelector('#testRunButton1').textContent = 'run internal test';","                }","                break;","            // custom-case","            default:","                break;","            }","            if (document.querySelector('#inputTextareaEval1') && (!event || (event &&","                    event.currentTarget &&","                    event.currentTarget.className &&","                    event.currentTarget.className.includes &&","                    event.currentTarget.className.includes('oneval')))) {","                // try to eval input-code","                try {","                    /*jslint evil: true*/","                    eval(document.querySelector('#inputTextareaEval1').value);","                } catch (errorCaught) {","                    console.error(errorCaught);","                }","            }","        };","        // log stderr and stdout to #outputTextareaStdout1","        ['error', 'log'].forEach(function (key) {","            console[key + '_original'] = console[key];","            console[key] = function () {","                var element;","                console[key + '_original'].apply(console, arguments);","                element = document.querySelector('#outputTextareaStdout1');","                if (!element) {","                    return;","                }","                // append text to #outputTextareaStdout1","                element.value += Array.from(arguments).map(function (arg) {","                    return typeof arg === 'string'","                        ? arg","                        : JSON.stringify(arg, null, 4);","                }).join(' ') + '\\n';","                // scroll textarea to bottom","                element.scrollTop = element.scrollHeight;","            };","        });","        // init event-handling","        ['change', 'click', 'keyup'].forEach(function (event) {","            Array.from(document.querySelectorAll('.on' + event)).forEach(function (element) {","                element.addEventListener(event, local.testRunBrowser);","            });","        });","        // run tests","        local.testRunBrowser();","        break;","","","","    // run node js-env code - post-init","    /* istanbul ignore next */","    case 'node':","        // export local","        module.exports = local;","        // require modules","        local.fs = require('fs');","        local.http = require('http');","        local.url = require('url');","        // init assets","        local.assetsDict = local.assetsDict || {};","        /* jslint-ignore-begin */","        local.assetsDict['/assets.index.template.html'] = '\\","<!doctype html>\\n\\","<html lang=\"en\">\\n\\","<head>\\n\\","<meta charset=\"UTF-8\">\\n\\","<meta name=\"viewport\" content=\"width=device-width, initial-scale=1\">\\n\\","<title>{{env.npm_package_name}} (v{{env.npm_package_version}})</title>\\n\\","<style>\\n\\","/*csslint\\n\\","    box-sizing: false,\\n\\","    universal-selector: false\\n\\","*/\\n\\","* {\\n\\","    box-sizing: border-box;\\n\\","}\\n\\","body {\\n\\","    background: #dde;\\n\\","    font-family: Arial, Helvetica, sans-serif;\\n\\","    margin: 2rem;\\n\\","}\\n\\","body > * {\\n\\","    margin-bottom: 1rem;\\n\\","}\\n\\",".utility2FooterDiv {\\n\\","    margin-top: 20px;\\n\\","    text-align: center;\\n\\","}\\n\\","</style>\\n\\","<style>\\n\\","/*csslint\\n\\","*/\\n\\","textarea {\\n\\","    font-family: monospace;\\n\\","    height: 10rem;\\n\\","    width: 100%;\\n\\","}\\n\\","textarea[readonly] {\\n\\","    background: #ddd;\\n\\","}\\n\\","</style>\\n\\","</head>\\n\\","<body>\\n\\","<!-- utility2-comment\\n\\","<div id=\"ajaxProgressDiv1\" style=\"background: #d00; height: 2px; left: 0; margin: 0; padding: 0; position: fixed; top: 0; transition: background 0.5s, width 1.5s; width: 25%;\"></div>\\n\\","utility2-comment -->\\n\\","<h1>\\n\\","<!-- utility2-comment\\n\\","    <a\\n\\","        {{#if env.npm_package_homepage}}\\n\\","        href=\"{{env.npm_package_homepage}}\"\\n\\","        {{/if env.npm_package_homepage}}\\n\\","        target=\"_blank\"\\n\\","    >\\n\\","utility2-comment -->\\n\\","        {{env.npm_package_name}} (v{{env.npm_package_version}})\\n\\","<!-- utility2-comment\\n\\","    </a>\\n\\","utility2-comment -->\\n\\","</h1>\\n\\","<h3>{{env.npm_package_description}}</h3>\\n\\","<!-- utility2-comment\\n\\","<h4><a download href=\"assets.app.js\">download standalone app</a></h4>\\n\\","<button class=\"onclick onreset\" id=\"testRunButton1\">run internal test</button><br>\\n\\","<div id=\"testReportDiv1\" style=\"display: none;\"></div>\\n\\","utility2-comment -->\\n\\","\\n\\","\\n\\","\\n\\","<label>stderr and stdout</label>\\n\\","<textarea class=\"resettable\" id=\"outputTextareaStdout1\" readonly></textarea>\\n\\","<!-- utility2-comment\\n\\","{{#if isRollup}}\\n\\","<script src=\"assets.app.js\"></script>\\n\\","{{#unless isRollup}}\\n\\","utility2-comment -->\\n\\","<script src=\"assets.utility2.rollup.js\"></script>\\n\\","<script src=\"jsonp.utility2._stateInit?callback=window.utility2._stateInit\"></script>\\n\\","<script src=\"assets.npmtest_yaml_js.rollup.js\"></script>\\n\\","<script src=\"assets.example.js\"></script>\\n\\","<script src=\"assets.test.js\"></script>\\n\\","<!-- utility2-comment\\n\\","{{/if isRollup}}\\n\\","utility2-comment -->\\n\\","<div class=\"utility2FooterDiv\">\\n\\","    [ this app was created with\\n\\","    <a href=\"https://github.com/kaizhu256/node-utility2\" target=\"_blank\">utility2</a>\\n\\","    ]\\n\\","</div>\\n\\","</body>\\n\\","</html>\\n\\","';","        /* jslint-ignore-end */","        if (local.templateRender) {","            local.assetsDict['/'] = local.templateRender(","                local.assetsDict['/assets.index.template.html'],","                {","                    env: local.objectSetDefault(local.env, {","                        npm_package_description: 'the greatest app in the world!',","                        npm_package_name: 'my-app',","                        npm_package_nameAlias: 'my_app',","                        npm_package_version: '0.0.1'","                    })","                }","            );","        } else {","            local.assetsDict['/'] = local.assetsDict['/assets.index.template.html']","                .replace((/\\{\\{env\\.(\\w+?)\\}\\}/g), function (match0, match1) {","                    // jslint-hack","                    String(match0);","                    switch (match1) {","                    case 'npm_package_description':","                        return 'the greatest app in the world!';","                    case 'npm_package_name':","                        return 'my-app';","                    case 'npm_package_nameAlias':","                        return 'my_app';","                    case 'npm_package_version':","                        return '0.0.1';","                    }","                });","        }","        // run the cli","        if (local.global.utility2_rollup || module !== require.main) {","            break;","        }","        local.assetsDict['/assets.example.js'] =","            local.assetsDict['/assets.example.js'] ||","            local.fs.readFileSync(__filename, 'utf8');","        // bug-workaround - long $npm_package_buildCustomOrg","        /* jslint-ignore-begin */","        local.assetsDict['/assets.npmtest_yaml_js.rollup.js'] =","            local.assetsDict['/assets.npmtest_yaml_js.rollup.js'] ||","            local.fs.readFileSync(","                local.npmtest_yaml_js.__dirname + '/lib.npmtest_yaml_js.js',","                'utf8'","            ).replace((/^#!/), '//');","        /* jslint-ignore-end */","        local.assetsDict['/favicon.ico'] = local.assetsDict['/favicon.ico'] || '';","        // if $npm_config_timeout_exit exists,","        // then exit this process after $npm_config_timeout_exit ms","        if (Number(process.env.npm_config_timeout_exit)) {","            setTimeout(process.exit, Number(process.env.npm_config_timeout_exit));","        }","        // start server","        if (local.global.utility2_serverHttp1) {","            break;","        }","        process.env.PORT = process.env.PORT || '8081';","        console.error('server starting on port ' + process.env.PORT);","        local.http.createServer(function (request, response) {","            request.urlParsed = local.url.parse(request.url);","            if (local.assetsDict[request.urlParsed.pathname] !== undefined) {","                response.end(local.assetsDict[request.urlParsed.pathname]);","                return;","            }","            response.statusCode = 404;","            response.end();","        }).listen(process.env.PORT);","        break;","    }","}());",""],"l":{"26":2,"28":2,"33":2,"35":2,"37":2,"38":2,"39":2,"44":1,"51":2,"55":2,"59":2,"61":2,"69":1,"70":2,"76":2,"79":2,"82":2,"83":2,"85":1,"89":2,"92":1,"93":1,"94":1,"96":1,"97":1,"100":1,"101":1,"103":1,"106":1,"108":2,"114":1,"116":1,"118":1,"123":1,"124":2,"125":2,"126":3,"127":3,"128":3,"129":3,"130":1,"133":3,"134":3,"139":3,"143":1,"144":3,"145":1,"149":1,"150":1,"158":1,"160":1,"161":1,"162":1,"164":1,"166":1,"258":1,"259":1,"271":1,"274":6,"275":6,"277":1,"279":2,"281":1,"283":2,"288":1,"289":1,"291":1,"296":1,"303":1,"306":1,"307":1,"310":1,"311":1,"313":1,"314":1,"315":1,"316":1,"317":1,"318":1,"319":1,"321":1,"322":1,"324":1}},"/home/travis/build/npmtest/node-npmtest-yaml-js/node_modules/yaml-js/lib/yaml.js":{"path":"/home/travis/build/npmtest/node-npmtest-yaml-js/node_modules/yaml-js/lib/yaml.js","s":{"1":1,"2":1,"3":1,"4":1,"5":1,"6":1,"7":1,"8":1,"9":1,"10":1,"11":1,"12":1,"13":1,"14":1,"15":1,"16":1,"17":0,"18":0,"19":0,"20":0,"21":0,"22":0,"23":0,"24":0,"25":1,"26":0,"27":0,"28":0,"29":0,"30":0,"31":0,"32":0,"33":0,"34":1,"35":0,"36":0,"37":0,"38":0,"39":0,"40":1,"41":0,"42":0,"43":0,"44":0,"45":0,"46":0,"47":0,"48":0,"49":1,"50":0,"51":0,"52":0,"53":0,"54":0,"55":1,"56":0,"57":0,"58":0,"59":0,"60":0,"61":0,"62":0,"63":0,"64":1,"65":0,"66":0,"67":0,"68":0,"69":0,"70":0,"71":0,"72":0,"73":0,"74":0,"75":0,"76":0,"77":0,"78":1,"79":0,"80":0,"81":0,"82":0,"83":0,"84":1,"85":0,"86":0,"87":0,"88":0,"89":0,"90":0,"91":0,"92":0,"93":0,"94":0,"95":0,"96":0,"97":0,"98":0,"99":0,"100":1,"101":0,"102":0,"103":0,"104":0,"105":0,"106":1,"107":0,"108":0,"109":0,"110":0,"111":0,"112":0,"113":0,"114":0,"115":0,"116":0,"117":0,"118":0,"119":0,"120":0,"121":0,"122":1,"123":1,"124":1,"125":0},"b":{"1":[0,0],"2":[0,0],"3":[0,0],"4":[0,0],"5":[0,0],"6":[0,0],"7":[0,0],"8":[0,0],"9":[0,0],"10":[0,0],"11":[0,0],"12":[0,0],"13":[0,0],"14":[0,0],"15":[0,0],"16":[0,0],"17":[0,0],"18":[0,0],"19":[0,0],"20":[0,0],"21":[0,0],"22":[0,0],"23":[1,0],"24":[1,0],"25":[1,1]},"f":{"1":1,"2":0,"3":0,"4":0,"5":0,"6":0,"7":0,"8":0,"9":0,"10":0,"11":0,"12":0,"13":0},"fnMap":{"1":{"name":"(anonymous_1)","line":1,"loc":{"start":{"line":1,"column":1},"end":{"line":1,"column":12}}},"2":{"name":"(anonymous_2)","line":35,"loc":{"start":{"line":35,"column":14},"end":{"line":35,"column":39}}},"3":{"name":"(anonymous_3)","line":53,"loc":{"start":{"line":53,"column":15},"end":{"line":53,"column":40}}},"4":{"name":"(anonymous_4)","line":72,"loc":{"start":{"line":72,"column":17},"end":{"line":72,"column":42}}},"5":{"name":"(anonymous_5)","line":87,"loc":{"start":{"line":87,"column":21},"end":{"line":87,"column":46}}},"6":{"name":"(anonymous_6)","line":106,"loc":{"start":{"line":106,"column":14},"end":{"line":106,"column":39}}},"7":{"name":"(anonymous_7)","line":121,"loc":{"start":{"line":121,"column":18},"end":{"line":121,"column":43}}},"8":{"name":"(anonymous_8)","line":140,"loc":{"start":{"line":140,"column":14},"end":{"line":140,"column":56}}},"9":{"name":"(anonymous_9)","line":167,"loc":{"start":{"line":167,"column":19},"end":{"line":167,"column":59}}},"10":{"name":"(anonymous_10)","line":183,"loc":{"start":{"line":183,"column":23},"end":{"line":183,"column":64}}},"11":{"name":"(anonymous_11)","line":212,"loc":{"start":{"line":212,"column":14},"end":{"line":212,"column":54}}},"12":{"name":"(anonymous_12)","line":228,"loc":{"start":{"line":228,"column":18},"end":{"line":228,"column":63}}},"13":{"name":"(anonymous_13)","line":258,"loc":{"start":{"line":258,"column":63},"end":{"line":258,"column":90}}}},"statementMap":{"1":{"start":{"line":1,"column":0},"end":{"line":263,"column":14}},"2":{"start":{"line":2,"column":2},"end":{"line":2,"column":120}},"3":{"start":{"line":4,"column":2},"end":{"line":4,"column":35}},"4":{"start":{"line":6,"column":2},"end":{"line":6,"column":41}},"5":{"start":{"line":8,"column":2},"end":{"line":8,"column":31}},"6":{"start":{"line":10,"column":2},"end":{"line":10,"column":31}},"7":{"start":{"line":12,"column":2},"end":{"line":12,"column":31}},"8":{"start":{"line":14,"column":2},"end":{"line":14,"column":31}},"9":{"start":{"line":16,"column":2},"end":{"line":16,"column":29}},"10":{"start":{"line":18,"column":2},"end":{"line":18,"column":31}},"11":{"start":{"line":20,"column":2},"end":{"line":20,"column":31}},"12":{"start":{"line":22,"column":2},"end":{"line":22,"column":35}},"13":{"start":{"line":24,"column":2},"end":{"line":24,"column":33}},"14":{"start":{"line":26,"column":2},"end":{"line":26,"column":31}},"15":{"start":{"line":28,"column":2},"end":{"line":28,"column":27}},"16":{"start":{"line":35,"column":2},"end":{"line":46,"column":4}},"17":{"start":{"line":36,"column":4},"end":{"line":36,"column":25}},"18":{"start":{"line":37,"column":4},"end":{"line":39,"column":5}},"19":{"start":{"line":38,"column":6},"end":{"line":38,"column":29}},"20":{"start":{"line":40,"column":4},"end":{"line":40,"column":33}},"21":{"start":{"line":41,"column":4},"end":{"line":41,"column":17}},"22":{"start":{"line":42,"column":4},"end":{"line":44,"column":5}},"23":{"start":{"line":43,"column":6},"end":{"line":43,"column":40}},"24":{"start":{"line":45,"column":4},"end":{"line":45,"column":19}},"25":{"start":{"line":53,"column":2},"end":{"line":64,"column":4}},"26":{"start":{"line":54,"column":4},"end":{"line":54,"column":25}},"27":{"start":{"line":55,"column":4},"end":{"line":57,"column":5}},"28":{"start":{"line":56,"column":6},"end":{"line":56,"column":29}},"29":{"start":{"line":58,"column":4},"end":{"line":58,"column":33}},"30":{"start":{"line":59,"column":4},"end":{"line":59,"column":17}},"31":{"start":{"line":60,"column":4},"end":{"line":62,"column":5}},"32":{"start":{"line":61,"column":6},"end":{"line":61,"column":40}},"33":{"start":{"line":63,"column":4},"end":{"line":63,"column":19}},"34":{"start":{"line":72,"column":2},"end":{"line":79,"column":4}},"35":{"start":{"line":73,"column":4},"end":{"line":73,"column":16}},"36":{"start":{"line":74,"column":4},"end":{"line":76,"column":5}},"37":{"start":{"line":75,"column":6},"end":{"line":75,"column":29}},"38":{"start":{"line":77,"column":4},"end":{"line":77,"column":33}},"39":{"start":{"line":78,"column":4},"end":{"line":78,"column":37}},"40":{"start":{"line":87,"column":2},"end":{"line":98,"column":4}},"41":{"start":{"line":88,"column":4},"end":{"line":88,"column":25}},"42":{"start":{"line":89,"column":4},"end":{"line":91,"column":5}},"43":{"start":{"line":90,"column":6},"end":{"line":90,"column":29}},"44":{"start":{"line":92,"column":4},"end":{"line":92,"column":33}},"45":{"start":{"line":93,"column":4},"end":{"line":93,"column":17}},"46":{"start":{"line":94,"column":4},"end":{"line":96,"column":5}},"47":{"start":{"line":95,"column":6},"end":{"line":95,"column":39}},"48":{"start":{"line":97,"column":4},"end":{"line":97,"column":19}},"49":{"start":{"line":106,"column":2},"end":{"line":113,"column":4}},"50":{"start":{"line":107,"column":4},"end":{"line":107,"column":16}},"51":{"start":{"line":108,"column":4},"end":{"line":110,"column":5}},"52":{"start":{"line":109,"column":6},"end":{"line":109,"column":29}},"53":{"start":{"line":111,"column":4},"end":{"line":111,"column":33}},"54":{"start":{"line":112,"column":4},"end":{"line":112,"column":37}},"55":{"start":{"line":121,"column":2},"end":{"line":132,"column":4}},"56":{"start":{"line":122,"column":4},"end":{"line":122,"column":25}},"57":{"start":{"line":123,"column":4},"end":{"line":125,"column":5}},"58":{"start":{"line":124,"column":6},"end":{"line":124,"column":29}},"59":{"start":{"line":126,"column":4},"end":{"line":126,"column":33}},"60":{"start":{"line":127,"column":4},"end":{"line":127,"column":17}},"61":{"start":{"line":128,"column":4},"end":{"line":130,"column":5}},"62":{"start":{"line":129,"column":6},"end":{"line":129,"column":39}},"63":{"start":{"line":131,"column":4},"end":{"line":131,"column":19}},"64":{"start":{"line":140,"column":2},"end":{"line":159,"column":4}},"65":{"start":{"line":141,"column":4},"end":{"line":141,"column":37}},"66":{"start":{"line":142,"column":4},"end":{"line":144,"column":5}},"67":{"start":{"line":143,"column":6},"end":{"line":143,"column":29}},"68":{"start":{"line":145,"column":4},"end":{"line":147,"column":5}},"69":{"start":{"line":146,"column":6},"end":{"line":146,"column":19}},"70":{"start":{"line":148,"column":4},"end":{"line":148,"column":43}},"71":{"start":{"line":149,"column":4},"end":{"line":149,"column":40}},"72":{"start":{"line":150,"column":4},"end":{"line":157,"column":5}},"73":{"start":{"line":151,"column":6},"end":{"line":154,"column":7}},"74":{"start":{"line":152,"column":8},"end":{"line":152,"column":26}},"75":{"start":{"line":153,"column":8},"end":{"line":153,"column":28}},"76":{"start":{"line":156,"column":6},"end":{"line":156,"column":24}},"77":{"start":{"line":158,"column":4},"end":{"line":158,"column":33}},"78":{"start":{"line":167,"column":2},"end":{"line":175,"column":4}},"79":{"start":{"line":168,"column":4},"end":{"line":170,"column":5}},"80":{"start":{"line":169,"column":6},"end":{"line":169,"column":29}},"81":{"start":{"line":171,"column":4},"end":{"line":173,"column":5}},"82":{"start":{"line":172,"column":6},"end":{"line":172,"column":19}},"83":{"start":{"line":174,"column":4},"end":{"line":174,"column":66}},"84":{"start":{"line":183,"column":2},"end":{"line":204,"column":4}},"85":{"start":{"line":184,"column":4},"end":{"line":184,"column":36}},"86":{"start":{"line":185,"column":4},"end":{"line":187,"column":5}},"87":{"start":{"line":186,"column":6},"end":{"line":186,"column":29}},"88":{"start":{"line":188,"column":4},"end":{"line":190,"column":5}},"89":{"start":{"line":189,"column":6},"end":{"line":189,"column":19}},"90":{"start":{"line":191,"column":4},"end":{"line":191,"column":43}},"91":{"start":{"line":192,"column":4},"end":{"line":192,"column":40}},"92":{"start":{"line":193,"column":4},"end":{"line":202,"column":5}},"93":{"start":{"line":194,"column":6},"end":{"line":194,"column":21}},"94":{"start":{"line":195,"column":6},"end":{"line":198,"column":7}},"95":{"start":{"line":196,"column":8},"end":{"line":196,"column":24}},"96":{"start":{"line":197,"column":8},"end":{"line":197,"column":32}},"97":{"start":{"line":199,"column":6},"end":{"line":199,"column":22}},"98":{"start":{"line":201,"column":6},"end":{"line":201,"column":24}},"99":{"start":{"line":203,"column":4},"end":{"line":203,"column":33}},"100":{"start":{"line":212,"column":2},"end":{"line":220,"column":4}},"101":{"start":{"line":213,"column":4},"end":{"line":215,"column":5}},"102":{"start":{"line":214,"column":6},"end":{"line":214,"column":29}},"103":{"start":{"line":216,"column":4},"end":{"line":218,"column":5}},"104":{"start":{"line":217,"column":6},"end":{"line":217,"column":19}},"105":{"start":{"line":219,"column":4},"end":{"line":219,"column":61}},"106":{"start":{"line":228,"column":2},"end":{"line":249,"column":4}},"107":{"start":{"line":229,"column":4},"end":{"line":229,"column":40}},"108":{"start":{"line":230,"column":4},"end":{"line":232,"column":5}},"109":{"start":{"line":231,"column":6},"end":{"line":231,"column":29}},"110":{"start":{"line":233,"column":4},"end":{"line":235,"column":5}},"111":{"start":{"line":234,"column":6},"end":{"line":234,"column":19}},"112":{"start":{"line":236,"column":4},"end":{"line":236,"column":43}},"113":{"start":{"line":237,"column":4},"end":{"line":237,"column":40}},"114":{"start":{"line":238,"column":4},"end":{"line":247,"column":5}},"115":{"start":{"line":239,"column":6},"end":{"line":239,"column":21}},"116":{"start":{"line":240,"column":6},"end":{"line":243,"column":7}},"117":{"start":{"line":241,"column":8},"end":{"line":241,"column":32}},"118":{"start":{"line":242,"column":8},"end":{"line":242,"column":36}},"119":{"start":{"line":244,"column":6},"end":{"line":244,"column":22}},"120":{"start":{"line":246,"column":6},"end":{"line":246,"column":24}},"121":{"start":{"line":248,"column":4},"end":{"line":248,"column":33}},"122":{"start":{"line":256,"column":2},"end":{"line":261,"column":3}},"123":{"start":{"line":257,"column":4},"end":{"line":257,"column":23}},"124":{"start":{"line":258,"column":4},"end":{"line":260,"column":6}},"125":{"start":{"line":259,"column":6},"end":{"line":259,"column":82}}},"branchMap":{"1":{"line":37,"type":"if","locations":[{"start":{"line":37,"column":4},"end":{"line":37,"column":4}},{"start":{"line":37,"column":4},"end":{"line":37,"column":4}}]},"2":{"line":55,"type":"if","locations":[{"start":{"line":55,"column":4},"end":{"line":55,"column":4}},{"start":{"line":55,"column":4},"end":{"line":55,"column":4}}]},"3":{"line":74,"type":"if","locations":[{"start":{"line":74,"column":4},"end":{"line":74,"column":4}},{"start":{"line":74,"column":4},"end":{"line":74,"column":4}}]},"4":{"line":89,"type":"if","locations":[{"start":{"line":89,"column":4},"end":{"line":89,"column":4}},{"start":{"line":89,"column":4},"end":{"line":89,"column":4}}]},"5":{"line":108,"type":"if","locations":[{"start":{"line":108,"column":4},"end":{"line":108,"column":4}},{"start":{"line":108,"column":4},"end":{"line":108,"column":4}}]},"6":{"line":123,"type":"if","locations":[{"start":{"line":123,"column":4},"end":{"line":123,"column":4}},{"start":{"line":123,"column":4},"end":{"line":123,"column":4}}]},"7":{"line":142,"type":"if","locations":[{"start":{"line":142,"column":4},"end":{"line":142,"column":4}},{"start":{"line":142,"column":4},"end":{"line":142,"column":4}}]},"8":{"line":145,"type":"if","locations":[{"start":{"line":145,"column":4},"end":{"line":145,"column":4}},{"start":{"line":145,"column":4},"end":{"line":145,"column":4}}]},"9":{"line":148,"type":"binary-expr","locations":[{"start":{"line":148,"column":11},"end":{"line":148,"column":17}},{"start":{"line":148,"column":21},"end":{"line":148,"column":42}}]},"10":{"line":158,"type":"binary-expr","locations":[{"start":{"line":158,"column":11},"end":{"line":158,"column":17}},{"start":{"line":158,"column":21},"end":{"line":158,"column":32}}]},"11":{"line":168,"type":"if","locations":[{"start":{"line":168,"column":4},"end":{"line":168,"column":4}},{"start":{"line":168,"column":4},"end":{"line":168,"column":4}}]},"12":{"line":171,"type":"if","locations":[{"start":{"line":171,"column":4},"end":{"line":171,"column":4}},{"start":{"line":171,"column":4},"end":{"line":171,"column":4}}]},"13":{"line":185,"type":"if","locations":[{"start":{"line":185,"column":4},"end":{"line":185,"column":4}},{"start":{"line":185,"column":4},"end":{"line":185,"column":4}}]},"14":{"line":188,"type":"if","locations":[{"start":{"line":188,"column":4},"end":{"line":188,"column":4}},{"start":{"line":188,"column":4},"end":{"line":188,"column":4}}]},"15":{"line":191,"type":"binary-expr","locations":[{"start":{"line":191,"column":11},"end":{"line":191,"column":17}},{"start":{"line":191,"column":21},"end":{"line":191,"column":42}}]},"16":{"line":203,"type":"binary-expr","locations":[{"start":{"line":203,"column":11},"end":{"line":203,"column":17}},{"start":{"line":203,"column":21},"end":{"line":203,"column":32}}]},"17":{"line":213,"type":"if","locations":[{"start":{"line":213,"column":4},"end":{"line":213,"column":4}},{"start":{"line":213,"column":4},"end":{"line":213,"column":4}}]},"18":{"line":216,"type":"if","locations":[{"start":{"line":216,"column":4},"end":{"line":216,"column":4}},{"start":{"line":216,"column":4},"end":{"line":216,"column":4}}]},"19":{"line":230,"type":"if","locations":[{"start":{"line":230,"column":4},"end":{"line":230,"column":4}},{"start":{"line":230,"column":4},"end":{"line":230,"column":4}}]},"20":{"line":233,"type":"if","locations":[{"start":{"line":233,"column":4},"end":{"line":233,"column":4}},{"start":{"line":233,"column":4},"end":{"line":233,"column":4}}]},"21":{"line":236,"type":"binary-expr","locations":[{"start":{"line":236,"column":11},"end":{"line":236,"column":17}},{"start":{"line":236,"column":21},"end":{"line":236,"column":42}}]},"22":{"line":248,"type":"binary-expr","locations":[{"start":{"line":248,"column":11},"end":{"line":248,"column":17}},{"start":{"line":248,"column":21},"end":{"line":248,"column":32}}]},"23":{"line":256,"type":"if","locations":[{"start":{"line":256,"column":2},"end":{"line":256,"column":2}},{"start":{"line":256,"column":2},"end":{"line":256,"column":2}}]},"24":{"line":256,"type":"cond-expr","locations":[{"start":{"line":256,"column":59},"end":{"line":256,"column":77}},{"start":{"line":256,"column":80},"end":{"line":256,"column":86}}]},"25":{"line":256,"type":"binary-expr","locations":[{"start":{"line":256,"column":6},"end":{"line":256,"column":36}},{"start":{"line":256,"column":40},"end":{"line":256,"column":56}}]}},"code":["(function() {","  var composer, constructor, dumper, errors, events, fs, loader, nodes, parser, reader, resolver, scanner, tokens, util;","","  composer = require('./composer');","","  constructor = require('./constructor');","","  dumper = require('./dumper');","","  errors = require('./errors');","","  events = require('./events');","","  loader = require('./loader');","","  nodes = require('./nodes');","","  parser = require('./parser');","","  reader = require('./reader');","","  resolver = require('./resolver');","","  scanner = require('./scanner');","","  tokens = require('./tokens');","","  util = require('./util');","","","  /*","  Scan a YAML stream and produce scanning tokens.","   */","","  this.scan = function(stream, Loader) {","    var _loader, results;","    if (Loader == null) {","      Loader = loader.Loader;","    }","    _loader = new Loader(stream);","    results = [];","    while (_loader.check_token()) {","      results.push(_loader.get_token());","    }","    return results;","  };","","","  /*","  Parse a YAML stream and produce parsing events.","   */","","  this.parse = function(stream, Loader) {","    var _loader, results;","    if (Loader == null) {","      Loader = loader.Loader;","    }","    _loader = new Loader(stream);","    results = [];","    while (_loader.check_event()) {","      results.push(_loader.get_event());","    }","    return results;","  };","","","  /*","  Parse the first YAML document in a stream and produce the corresponding","  representation tree.","   */","","  this.compose = function(stream, Loader) {","    var _loader;","    if (Loader == null) {","      Loader = loader.Loader;","    }","    _loader = new Loader(stream);","    return _loader.get_single_node();","  };","","","  /*","  Parse all YAML documents in a stream and produce corresponding representation","  trees.","   */","","  this.compose_all = function(stream, Loader) {","    var _loader, results;","    if (Loader == null) {","      Loader = loader.Loader;","    }","    _loader = new Loader(stream);","    results = [];","    while (_loader.check_node()) {","      results.push(_loader.get_node());","    }","    return results;","  };","","","  /*","  Parse the first YAML document in a stream and produce the corresponding","  Javascript object.","   */","","  this.load = function(stream, Loader) {","    var _loader;","    if (Loader == null) {","      Loader = loader.Loader;","    }","    _loader = new Loader(stream);","    return _loader.get_single_data();","  };","","","  /*","  Parse all YAML documents in a stream and produce the corresponing Javascript","  object.","   */","","  this.load_all = function(stream, Loader) {","    var _loader, results;","    if (Loader == null) {","      Loader = loader.Loader;","    }","    _loader = new Loader(stream);","    results = [];","    while (_loader.check_data()) {","      results.push(_loader.get_data());","    }","    return results;","  };","","","  /*","  Emit YAML parsing events into a stream.","  If stream is falsey, return the produced string instead.","   */","","  this.emit = function(events, stream, Dumper, options) {","    var _dumper, dest, event, i, len;","    if (Dumper == null) {","      Dumper = dumper.Dumper;","    }","    if (options == null) {","      options = {};","    }","    dest = stream || new util.StringStream;","    _dumper = new Dumper(dest, options);","    try {","      for (i = 0, len = events.length; i < len; i++) {","        event = events[i];","        _dumper.emit(event);","      }","    } finally {","      _dumper.dispose();","    }","    return stream || dest.string;","  };","","","  /*","  Serialize a representation tree into a YAML stream.","  If stream is falsey, return the produced string instead.","   */","","  this.serialize = function(node, stream, Dumper, options) {","    if (Dumper == null) {","      Dumper = dumper.Dumper;","    }","    if (options == null) {","      options = {};","    }","    return exports.serialize_all([node], stream, Dumper, options);","  };","","","  /*","  Serialize a sequence of representation tress into a YAML stream.","  If stream is falsey, return the produced string instead.","   */","","  this.serialize_all = function(nodes, stream, Dumper, options) {","    var _dumper, dest, i, len, node;","    if (Dumper == null) {","      Dumper = dumper.Dumper;","    }","    if (options == null) {","      options = {};","    }","    dest = stream || new util.StringStream;","    _dumper = new Dumper(dest, options);","    try {","      _dumper.open();","      for (i = 0, len = nodes.length; i < len; i++) {","        node = nodes[i];","        _dumper.serialize(node);","      }","      _dumper.close();","    } finally {","      _dumper.dispose();","    }","    return stream || dest.string;","  };","","","  /*","  Serialize a Javascript object into a YAML stream.","  If stream is falsey, return the produced string instead.","   */","","  this.dump = function(data, stream, Dumper, options) {","    if (Dumper == null) {","      Dumper = dumper.Dumper;","    }","    if (options == null) {","      options = {};","    }","    return exports.dump_all([data], stream, Dumper, options);","  };","","","  /*","  Serialize a sequence of Javascript objects into a YAML stream.","  If stream is falsey, return the produced string instead.","   */","","  this.dump_all = function(documents, stream, Dumper, options) {","    var _dumper, dest, document, i, len;","    if (Dumper == null) {","      Dumper = dumper.Dumper;","    }","    if (options == null) {","      options = {};","    }","    dest = stream || new util.StringStream;","    _dumper = new Dumper(dest, options);","    try {","      _dumper.open();","      for (i = 0, len = documents.length; i < len; i++) {","        document = documents[i];","        _dumper.represent(document);","      }","      _dumper.close();","    } finally {","      _dumper.dispose();","    }","    return stream || dest.string;","  };","","","  /*","  Register .yml and .yaml requires with yaml-js","   */","","  if (typeof require !== \"undefined\" && require !== null ? require.extensions : void 0) {","    fs = require('fs');","    require.extensions['.yml'] = require.extensions['.yaml'] = function(module, filename) {","      return module.exports = exports.load_all(fs.readFileSync(filename, 'utf8'));","    };","  }","","}).call(this);",""],"l":{"1":1,"2":1,"4":1,"6":1,"8":1,"10":1,"12":1,"14":1,"16":1,"18":1,"20":1,"22":1,"24":1,"26":1,"28":1,"35":1,"36":0,"37":0,"38":0,"40":0,"41":0,"42":0,"43":0,"45":0,"53":1,"54":0,"55":0,"56":0,"58":0,"59":0,"60":0,"61":0,"63":0,"72":1,"73":0,"74":0,"75":0,"77":0,"78":0,"87":1,"88":0,"89":0,"90":0,"92":0,"93":0,"94":0,"95":0,"97":0,"106":1,"107":0,"108":0,"109":0,"111":0,"112":0,"121":1,"122":0,"123":0,"124":0,"126":0,"127":0,"128":0,"129":0,"131":0,"140":1,"141":0,"142":0,"143":0,"145":0,"146":0,"148":0,"149":0,"150":0,"151":0,"152":0,"153":0,"156":0,"158":0,"167":1,"168":0,"169":0,"171":0,"172":0,"174":0,"183":1,"184":0,"185":0,"186":0,"188":0,"189":0,"191":0,"192":0,"193":0,"194":0,"195":0,"196":0,"197":0,"199":0,"201":0,"203":0,"212":1,"213":0,"214":0,"216":0,"217":0,"219":0,"228":1,"229":0,"230":0,"231":0,"233":0,"234":0,"236":0,"237":0,"238":0,"239":0,"240":0,"241":0,"242":0,"244":0,"246":0,"248":0,"256":1,"257":1,"258":1,"259":0}},"/home/travis/build/npmtest/node-npmtest-yaml-js/node_modules/yaml-js/lib/composer.js":{"path":"/home/travis/build/npmtest/node-npmtest-yaml-js/node_modules/yaml-js/lib/composer.js","s":{"1":1,"2":1,"3":1,"4":3,"5":3,"6":1,"7":1,"8":1,"9":1,"10":1,"11":1,"12":1,"13":1,"14":1,"15":1,"16":1,"17":1,"18":0,"19":1,"20":1,"21":1,"22":0,"23":1,"24":0,"25":0,"26":0,"27":1,"28":0,"29":0,"30":1,"31":0,"32":0,"33":0,"34":0,"35":0,"36":0,"37":0,"38":0,"39":0,"40":0,"41":1,"42":0,"43":0,"44":0,"45":0,"46":0,"47":0,"48":1,"49":0,"50":0,"51":0,"52":0,"53":0,"54":0,"55":0,"56":0,"57":0,"58":0,"59":0,"60":0,"61":0,"62":0,"63":0,"64":0,"65":0,"66":0,"67":0,"68":0,"69":1,"70":0,"71":0,"72":0,"73":0,"74":0,"75":0,"76":0,"77":0,"78":0,"79":1,"80":0,"81":0,"82":0,"83":0,"84":0,"85":0,"86":0,"87":0,"88":0,"89":0,"90":0,"91":0,"92":0,"93":0,"94":0,"95":1,"96":0,"97":0,"98":0,"99":0,"100":0,"101":0,"102":0,"103":0,"104":0,"105":0,"106":0,"107":0,"108":0,"109":0,"110":0,"111":1},"b":{"1":[3,0],"2":[0,0],"3":[0,0],"4":[0,0],"5":[0,0],"6":[0,0],"7":[0,0],"8":[0,0],"9":[0,0],"10":[0,0],"11":[0,0],"12":[0,0],"13":[0,0],"14":[0,0],"15":[0,0],"16":[0,0],"17":[0,0],"18":[0,0],"19":[0,0],"20":[0,0],"21":[0,0]},"f":{"1":1,"2":1,"3":1,"4":1,"5":0,"6":1,"7":0,"8":0,"9":0,"10":0,"11":0,"12":0,"13":0,"14":0,"15":0},"fnMap":{"1":{"name":"(anonymous_1)","line":1,"loc":{"start":{"line":1,"column":1},"end":{"line":1,"column":12}}},"2":{"name":"(anonymous_2)","line":3,"loc":{"start":{"line":3,"column":13},"end":{"line":3,"column":37}}},"3":{"name":"ctor","line":3,"loc":{"start":{"line":3,"column":124},"end":{"line":3,"column":140}}},"4":{"name":"(anonymous_4)","line":17,"loc":{"start":{"line":17,"column":24},"end":{"line":17,"column":45}}},"5":{"name":"ComposerError","line":20,"loc":{"start":{"line":20,"column":4},"end":{"line":20,"column":29}}},"6":{"name":"(anonymous_6)","line":37,"loc":{"start":{"line":37,"column":19},"end":{"line":37,"column":30}}},"7":{"name":"Composer","line":42,"loc":{"start":{"line":42,"column":4},"end":{"line":42,"column":24}}},"8":{"name":"(anonymous_8)","line":55,"loc":{"start":{"line":55,"column":36},"end":{"line":55,"column":47}}},"9":{"name":"(anonymous_9)","line":71,"loc":{"start":{"line":71,"column":34},"end":{"line":71,"column":45}}},"10":{"name":"(anonymous_10)","line":86,"loc":{"start":{"line":86,"column":41},"end":{"line":86,"column":52}}},"11":{"name":"(anonymous_11)","line":113,"loc":{"start":{"line":113,"column":42},"end":{"line":113,"column":53}}},"12":{"name":"(anonymous_12)","line":139,"loc":{"start":{"line":139,"column":38},"end":{"line":139,"column":62}}},"13":{"name":"(anonymous_13)","line":176,"loc":{"start":{"line":176,"column":45},"end":{"line":176,"column":62}}},"14":{"name":"(anonymous_14)","line":203,"loc":{"start":{"line":203,"column":47},"end":{"line":203,"column":64}}},"15":{"name":"(anonymous_15)","line":237,"loc":{"start":{"line":237,"column":46},"end":{"line":237,"column":63}}}},"statementMap":{"1":{"start":{"line":1,"column":0},"end":{"line":262,"column":14}},"2":{"start":{"line":2,"column":2},"end":{"line":4,"column":32}},"3":{"start":{"line":3,"column":39},"end":{"line":3,"column":123}},"4":{"start":{"line":3,"column":65},"end":{"line":3,"column":121}},"5":{"start":{"line":3,"column":96},"end":{"line":3,"column":121}},"6":{"start":{"line":3,"column":124},"end":{"line":3,"column":169}},"7":{"start":{"line":3,"column":142},"end":{"line":3,"column":167}},"8":{"start":{"line":3,"column":170},"end":{"line":3,"column":204}},"9":{"start":{"line":3,"column":205},"end":{"line":3,"column":234}},"10":{"start":{"line":3,"column":235},"end":{"line":3,"column":270}},"11":{"start":{"line":3,"column":271},"end":{"line":3,"column":284}},"12":{"start":{"line":6,"column":2},"end":{"line":6,"column":31}},"13":{"start":{"line":8,"column":2},"end":{"line":8,"column":56}},"14":{"start":{"line":10,"column":2},"end":{"line":10,"column":29}},"15":{"start":{"line":17,"column":2},"end":{"line":26,"column":22}},"16":{"start":{"line":18,"column":4},"end":{"line":18,"column":38}},"17":{"start":{"line":20,"column":4},"end":{"line":22,"column":5}},"18":{"start":{"line":21,"column":6},"end":{"line":21,"column":72}},"19":{"start":{"line":24,"column":4},"end":{"line":24,"column":25}},"20":{"start":{"line":37,"column":2},"end":{"line":260,"column":7}},"21":{"start":{"line":42,"column":4},"end":{"line":44,"column":5}},"22":{"start":{"line":43,"column":6},"end":{"line":43,"column":24}},"23":{"start":{"line":55,"column":4},"end":{"line":60,"column":6}},"24":{"start":{"line":56,"column":6},"end":{"line":58,"column":7}},"25":{"start":{"line":57,"column":8},"end":{"line":57,"column":25}},"26":{"start":{"line":59,"column":6},"end":{"line":59,"column":54}},"27":{"start":{"line":71,"column":4},"end":{"line":75,"column":6}},"28":{"start":{"line":72,"column":6},"end":{"line":74,"column":7}},"29":{"start":{"line":73,"column":8},"end":{"line":73,"column":39}},"30":{"start":{"line":86,"column":4},"end":{"line":99,"column":6}},"31":{"start":{"line":87,"column":6},"end":{"line":87,"column":26}},"32":{"start":{"line":88,"column":6},"end":{"line":88,"column":23}},"33":{"start":{"line":89,"column":6},"end":{"line":89,"column":22}},"34":{"start":{"line":90,"column":6},"end":{"line":92,"column":7}},"35":{"start":{"line":91,"column":8},"end":{"line":91,"column":43}},"36":{"start":{"line":93,"column":6},"end":{"line":96,"column":7}},"37":{"start":{"line":94,"column":8},"end":{"line":94,"column":33}},"38":{"start":{"line":95,"column":8},"end":{"line":95,"column":153}},"39":{"start":{"line":97,"column":6},"end":{"line":97,"column":23}},"40":{"start":{"line":98,"column":6},"end":{"line":98,"column":22}},"41":{"start":{"line":113,"column":4},"end":{"line":120,"column":6}},"42":{"start":{"line":114,"column":6},"end":{"line":114,"column":15}},"43":{"start":{"line":115,"column":6},"end":{"line":115,"column":23}},"44":{"start":{"line":116,"column":6},"end":{"line":116,"column":33}},"45":{"start":{"line":117,"column":6},"end":{"line":117,"column":23}},"46":{"start":{"line":118,"column":6},"end":{"line":118,"column":24}},"47":{"start":{"line":119,"column":6},"end":{"line":119,"column":18}},"48":{"start":{"line":139,"column":4},"end":{"line":164,"column":6}},"49":{"start":{"line":140,"column":6},"end":{"line":140,"column":30}},"50":{"start":{"line":141,"column":6},"end":{"line":148,"column":7}},"51":{"start":{"line":142,"column":8},"end":{"line":142,"column":33}},"52":{"start":{"line":143,"column":8},"end":{"line":143,"column":30}},"53":{"start":{"line":144,"column":8},"end":{"line":146,"column":9}},"54":{"start":{"line":145,"column":10},"end":{"line":145,"column":107}},"55":{"start":{"line":147,"column":8},"end":{"line":147,"column":36}},"56":{"star
[...]
ck_node();","      }","    };","","    Parser.prototype.process_directives = function() {","      var handle, major, minor, prefix, ref, ref1, ref2, tag_handles_copy, token, value;","      this.yaml_version = null;","      this.tag_handles = {};","      while (this.check_token(tokens.DirectiveToken)) {","        token = this.get_token();","        if (token.name === 'YAML') {","          if (this.yaml_version !== null) {","            throw new exports.ParserError(null, null, 'found duplicate YAML directive', token.start_mark);","          }","          ref = token.value, major = ref[0], minor = ref[1];","          if (major !== 1) {","            throw new exports.ParserError(null, null, 'found incompatible YAML document (version 1.* is required)', token.start_mark);","          }","          this.yaml_version = token.value;","        } else if (token.name === 'TAG') {","          ref1 = token.value, handle = ref1[0], prefix = ref1[1];","          if (handle in this.tag_handles) {","            throw new exports.ParserError(null, null, \"duplicate tag handle \" + handle, token.start_mark);","          }","          this.tag_handles[handle] = prefix;","        }","      }","      tag_handles_copy = null;","      ref2 = this.tag_handles;","      for (handle in ref2) {","        if (!hasProp.call(ref2, handle)) continue;","        prefix = ref2[handle];","        if (tag_handles_copy == null) {","          tag_handles_copy = {};","        }","        tag_handles_copy[handle] = prefix;","      }","      value = [this.yaml_version, tag_handles_copy];","      for (handle in DEFAULT_TAGS) {","        if (!hasProp.call(DEFAULT_TAGS, handle)) continue;","        prefix = DEFAULT_TAGS[handle];","        if (!(prefix in this.tag_handles)) {","          this.tag_handles[handle] = prefix;","        }","      }","      return value;","    };","","    Parser.prototype.parse_block_node = function() {","      return this.parse_node(true);","    };","","    Parser.prototype.parse_flow_node = function() {","      return this.parse_node();","    };","","    Parser.prototype.parse_block_node_or_indentless_sequence = function() {","      return this.parse_node(true, true);","    };","","    Parser.prototype.parse_node = function(block, indentless_sequence) {","      var anchor, end_mark, event, handle, implicit, node, start_mark, suffix, tag, tag_mark, token;","      if (block == null) {","        block = false;","      }","      if (indentless_sequence == null) {","        indentless_sequence = false;","      }","      if (this.check_token(tokens.AliasToken)) {","        token = this.get_token();","        event = new events.AliasEvent(token.value, token.start_mark, token.end_mark);","        this.state = this.states.pop();","      } else {","        anchor = null;","        tag = null;","        start_mark = end_mark = tag_mark = null;","        if (this.check_token(tokens.AnchorToken)) {","          token = this.get_token();","          start_mark = token.start_mark;","          end_mark = token.end_mark;","          anchor = token.value;","          if (this.check_token(tokens.TagToken)) {","            token = this.get_token();","            tag_mark = token.start_mark;","            end_mark = token.end_mark;","            tag = token.value;","          }","        } else if (this.check_token(tokens.TagToken)) {","          token = this.get_token();","          start_mark = tag_mark = token.start_mark;","          end_mark = token.end_mark;","          tag = token.value;","          if (this.check_token(tokens.AnchorToken)) {","            token = this.get_token();","            end_mark = token.end_mark;","            anchor = token.value;","          }","        }","        if (tag !== null) {","          handle = tag[0], suffix = tag[1];","          if (handle !== null) {","            if (!(handle in this.tag_handles)) {","              throw new exports.ParserError('while parsing a node', start_mark, \"found undefined tag handle \" + handle, tag_mark);","            }","            tag = this.tag_handles[handle] + suffix;","          } else {","            tag = suffix;","          }","        }","        if (start_mark === null) {","          start_mark = end_mark = this.peek_token().start_mark;","        }","        event = null;","        implicit = tag === null || tag === '!';","        if (indentless_sequence && this.check_token(tokens.BlockEntryToken)) {","          end_mark = this.peek_token().end_mark;","          event = new events.SequenceStartEvent(anchor, tag, implicit, start_mark, end_mark);","          this.state = 'parse_indentless_sequence_entry';","        } else {","          if (this.check_token(tokens.ScalarToken)) {","            token = this.get_token();","            end_mark = token.end_mark;","            if ((token.plain && tag === null) || tag === '!') {","              implicit = [true, false];","            } else if (tag === null) {","              implicit = [false, true];","            } else {","              implicit = [false, false];","            }","            event = new events.ScalarEvent(anchor, tag, implicit, token.value, start_mark, end_mark, token.style);","            this.state = this.states.pop();","          } else if (this.check_token(tokens.FlowSequenceStartToken)) {","            end_mark = this.peek_token().end_mark;","            event = new events.SequenceStartEvent(anchor, tag, implicit, start_mark, end_mark, true);","            this.state = 'parse_flow_sequence_first_entry';","          } else if (this.check_token(tokens.FlowMappingStartToken)) {","            end_mark = this.peek_token().end_mark;","            event = new events.MappingStartEvent(anchor, tag, implicit, start_mark, end_mark, true);","            this.state = 'parse_flow_mapping_first_key';","          } else if (block && this.check_token(tokens.BlockSequenceStartToken)) {","            end_mark = this.peek_token().end_mark;","            event = new events.SequenceStartEvent(anchor, tag, implicit, start_mark, end_mark, false);","            this.state = 'parse_block_sequence_first_entry';","          } else if (block && this.check_token(tokens.BlockMappingStartToken)) {","            end_mark = this.peek_token().end_mark;","            event = new events.MappingStartEvent(anchor, tag, implicit, start_mark, end_mark, false);","            this.state = 'parse_block_mapping_first_key';","          } else if (anchor !== null || tag !== null) {","            event = new events.ScalarEvent(anchor, tag, [implicit, false], '', start_mark, end_mark);","            this.state = this.states.pop();","          } else {","            if (block) {","              node = 'block';","            } else {","              node = 'flow';","            }","            token = this.peek_token();","            throw new exports.ParserError(\"while parsing a \" + node + \" node\", start_mark, \"expected the node content, but found \" + token.id, token.start_mark);","          }","        }","      }","      return event;","    };","","    Parser.prototype.parse_block_sequence_first_entry = function() {","      var token;","      token = this.get_token();","      this.marks.push(token.start_mark);","      return this.parse_block_sequence_entry();","    };","","    Parser.prototype.parse_block_sequence_entry = function() {","      var event, token;","      if (this.check_token(tokens.BlockEntryToken)) {","        token = this.get_token();","        if (!this.check_token(tokens.BlockEntryToken, tokens.BlockEndToken)) {","          this.states.push('parse_block_sequence_entry');","          return this.parse_block_node();","        } else {","          this.state = 'parse_block_sequence_entry';","          return this.process_empty_scalar(token.end_mark);","        }","      }","      if (!this.check_token(tokens.BlockEndToken)) {","        token = this.peek_token();","        throw new exports.ParserError('while parsing a block collection', this.marks.slice(-1)[0], \"expected <block end>, but found \" + token.id, token.start_mark);","      }","      token = this.get_token();","      event = new events.SequenceEndEvent(token.start_mark, token.end_mark);","      this.state = this.states.pop();","      this.marks.pop();","      return event;","    };","","    Parser.prototype.parse_indentless_sequence_entry = function() {","      var event, token;","      if (this.check_token(tokens.BlockEntryToken)) {","        token = this.get_token();","        if (!this.check_token(tokens.BlockEntryToken, tokens.KeyToken, tokens.ValueToken, tokens.BlockEndToken)) {","          this.states.push('parse_indentless_sequence_entry');","          return this.parse_block_node();","        } else {","          this.state = 'parse_indentless_sequence_entry';","          return this.process_empty_scalar(token.end_mark);","        }","      }","      token = this.peek_token();","      event = new events.SequenceEndEvent(token.start_mark, token.start_mark);","      this.state = this.states.pop();","      return event;","    };","","    Parser.prototype.parse_block_mapping_first_key = function() {","      var token;","      token = this.get_token();","      this.marks.push(token.start_mark);","      return this.parse_block_mapping_key();","    };","","    Parser.prototype.parse_block_mapping_key = function() {","      var event, token;","      if (this.check_token(tokens.KeyToken)) {","        token = this.get_token();","        if (!this.check_token(tokens.KeyToken, tokens.ValueToken, tokens.BlockEndToken)) {","          this.states.push('parse_block_mapping_value');","          return this.parse_block_node_or_indentless_sequence();","        } else {","          this.state = 'parse_block_mapping_value';","          return this.process_empty_scalar(token.end_mark);","        }","      }","      if (!this.check_token(tokens.BlockEndToken)) {","        token = this.peek_token();","        throw new exports.ParserError('while parsing a block mapping', this.marks.slice(-1)[0], \"expected <block end>, but found \" + token.id, token.start_mark);","      }","      token = this.get_token();","      event = new events.MappingEndEvent(token.start_mark, token.end_mark);","      this.state = this.states.pop();","      this.marks.pop();","      return event;","    };","","    Parser.prototype.parse_block_mapping_value = function() {","      var token;","      if (this.check_token(tokens.ValueToken)) {","        token = this.get_token();","        if (!this.check_token(tokens.KeyToken, tokens.ValueToken, tokens.BlockEndToken)) {","          this.states.push('parse_block_mapping_key');","          return this.parse_block_node_or_indentless_sequence();","        } else {","          this.state = 'parse_block_mapping_key';","          return this.process_empty_scalar(token.end_mark);","        }","      } else {","        this.state = 'parse_block_mapping_key';","        token = this.peek_token();","        return this.process_empty_scalar(token.start_mark);","      }","    };","","    Parser.prototype.parse_flow_sequence_first_entry = function() {","      var token;","      token = this.get_token();","      this.marks.push(token.start_mark);","      return this.parse_flow_sequence_entry(true);","    };","","    Parser.prototype.parse_flow_sequence_entry = function(first) {","      var event, token;","      if (first == null) {","        first = false;","      }","      if (!this.check_token(tokens.FlowSequenceEndToken)) {","        if (!first) {","          if (this.check_token(tokens.FlowEntryToken)) {","            this.get_token();","          } else {","            token = this.peek_token();","            throw new exports.ParserError('while parsing a flow sequence', this.marks.slice(-1)[0], \"expected ',' or ']', but got \" + token.id, token.start_mark);","          }","        }","        if (this.check_token(tokens.KeyToken)) {","          token = this.peek_token();","          event = new events.MappingStartEvent(null, null, true, token.start_mark, token.end_mark, true);","          this.state = 'parse_flow_sequence_entry_mapping_key';","          return event;","        } else if (!this.check_token(tokens.FlowSequenceEndToken)) {","          this.states.push('parse_flow_sequence_entry');","          return this.parse_flow_node();","        }","      }","      token = this.get_token();","      event = new events.SequenceEndEvent(token.start_mark, token.end_mark);","      this.state = this.states.pop();","      this.marks.pop();","      return event;","    };","","    Parser.prototype.parse_flow_sequence_entry_mapping_key = function() {","      var token;","      token = this.get_token();","      if (!this.check_token(tokens.ValueToken, tokens.FlowEntryToken, tokens.FlowSequenceEndToken)) {","        this.states.push('parse_flow_sequence_entry_mapping_value');","        return this.parse_flow_node();","      } else {","        this.state = 'parse_flow_sequence_entry_mapping_value';","        return this.process_empty_scalar(token.end_mark);","      }","    };","","    Parser.prototype.parse_flow_sequence_entry_mapping_value = function() {","      var token;","      if (this.check_token(tokens.ValueToken)) {","        token = this.get_token();","        if (!this.check_token(tokens.FlowEntryToken, tokens.FlowSequenceEndToken)) {","          this.states.push('parse_flow_sequence_entry_mapping_end');","          return this.parse_flow_node();","        } else {","          this.state = 'parse_flow_sequence_entry_mapping_end';","          return this.process_empty_scalar(token.end_mark);","        }","      } else {","        this.state = 'parse_flow_sequence_entry_mapping_end';","        token = this.peek_token();","        return this.process_empty_scalar(token.start_mark);","      }","    };","","    Parser.prototype.parse_flow_sequence_entry_mapping_end = function() {","      var token;","      this.state = 'parse_flow_sequence_entry';","      token = this.peek_token();","      return new events.MappingEndEvent(token.start_mark, token.start_mark);","    };","","    Parser.prototype.parse_flow_mapping_first_key = function() {","      var token;","      token = this.get_token();","      this.marks.push(token.start_mark);","      return this.parse_flow_mapping_key(true);","    };","","    Parser.prototype.parse_flow_mapping_key = function(first) {","      var event, token;","      if (first == null) {","        first = false;","      }","      if (!this.check_token(tokens.FlowMappingEndToken)) {","        if (!first) {","          if (this.check_token(tokens.FlowEntryToken)) {","            this.get_token();","          } else {","            token = this.peek_token();","            throw new exports.ParserError('while parsing a flow mapping', this.marks.slice(-1)[0], \"expected ',' or '}', but got \" + token.id, token.start_mark);","          }","        }","        if (this.check_token(tokens.KeyToken)) {","          token = this.get_token();","          if (!this.check_token(tokens.ValueToken, tokens.FlowEntryToken, tokens.FlowMappingEndToken)) {","            this.states.push('parse_flow_mapping_value');","            return this.parse_flow_node();","          } else {","            this.state = 'parse_flow_mapping_value';","            return this.process_empty_scalar(token.end_mark);","          }","        } else if (!this.check_token(tokens.FlowMappingEndToken)) {","          this.states.push('parse_flow_mapping_empty_value');","          return this.parse_flow_node();","        }","      }","      token = this.get_token();","      event = new events.MappingEndEvent(token.start_mark, token.end_mark);","      this.state = this.states.pop();","      this.marks.pop();","      return event;","    };","","    Parser.prototype.parse_flow_mapping_value = function() {","      var token;","      if (this.check_token(tokens.ValueToken)) {","        token = this.get_token();","        if (!this.check_token(tokens.FlowEntryToken, tokens.FlowMappingEndToken)) {","          this.states.push('parse_flow_mapping_key');","          return this.parse_flow_node();","        } else {","          this.state = 'parse_flow_mapping_key';","          return this.process_empty_scalar(token.end_mark);","        }","      } else {","        this.state = 'parse_flow_mapping_key';","        token = this.peek_token();","        return this.process_empty_scalar(token.start_mark);","      }","    };","","    Parser.prototype.parse_flow_mapping_empty_value = function() {","      this.state = 'parse_flow_mapping_key';","      return this.process_empty_scalar(this.peek_token().start_mark);","    };","","    Parser.prototype.process_empty_scalar = function(mark) {","      return new events.ScalarEvent(null, null, [true, false], '', mark, mark);","    };","","    return Parser;","","  })();","","}).call(this);",""],"l":{"1":1,"2":1,"3":3,"7":1,"9":1,"11":1,"13":1,"14":1,"16":1,"17":0,"20":1,"24":1,"25":1,"27":1,"32":1,"33":0,"34":0,"35":0,"36":0,"37":0,"38":0,"46":1,"47":0,"48":0,"56":1,"57":0,"58":0,"59":0,"60":0,"61":0,"64":0,"65":0,"66":0,"68":0,"69":0,"70":0,"71":0,"75":0,"83":1,"84":0,"85":0,"87":0,"95":1,"96":0,"97":0,"98":0,"100":0,"101":0,"102":0,"110":1,"111":0,"112":0,"113":0,"114":0,"115":0,"123":1,"124":0,"125":0,"126":0,"127":0,"128":0,"129":0,"130":0,"131":0,"132":0,"134":0,"143":1,"144":0,"145":0,"146":0,"148":0,"149":0,"150":0,"151":0,"152":0,"154":0,"155":0,"156":0,"157":0,"158":0,"160":0,"161":0,"162":0,"163":0,"165":0,"166":0,"168":0,"170":0,"178":1,"179":0,"180":0,"181":0,"182":0,"183":0,"184":0,"185":0,"186":0,"188":0,"189":0,"190":0,"193":1,"194":0,"195":0,"196":0,"197":0,"198":0,"200":0,"204":1,"205":0,"206":0,"207":0,"208":0,"209":0,"210":0,"211":0,"212":0,"214":0,"215":0,"216":0,"218":0,"219":0,"220":0,"221":0,"222":0,"224":0,"227":0,"228":0,"229":0,"230":0,"231":0,"232":0,"233":0,"235":0,"237":0,"238":0,"239":0,"240":0,"241":0,"242":0,"245":0,"248":1,"249":0,"252":1,"253":0,"256":1,"257":0,"260":1,"261":0,"262":0,"263":0,"265":0,"266":0,"268":0,"269":0,"270":0,"271":0,"273":0,"274":0,"275":0,"276":0,"277":0,"278":0,"279":0,"280":0,"281":0,"282":0,"283":0,"284":0,"285":0,"287":0,"288":0,"289":0,"290":0,"291":0,"292":0,"293":0,"294":0,"295":0,"298":0,"299":0,"300":0,"301":0,"302":0,"304":0,"306":0,"309":0,"310":0,"312":0,"313":0,"314":0,"315":0,"316":0,"317":0,"319":0,"320":0,"321":0,"322":0,"323":0,"324":0,"325":0,"327":0,"329":0,"330":0,"331":0,"332":0,"333":0,"334":0,"335":0,"336":0,"337":0,"338":0,"339":0,"340":0,"341":0,"342":0,"343":0,"344":0,"345":0,"346":0,"347":0,"348":0,"349":0,"351":0,"352":0,"354":0,"356":0,"357":0,"361":0,"364":1,"365":0,"366":0,"367":0,"368":0,"371":1,"372":0,"373":0,"374":0,"375":0,"376":0,"377":0,"379":0,"380":0,"383":0,"384":0,"385":0,"387":0,"388":0,"389":0,"390":0,"391":0,"394":1,"395":0,"396":0,"397":0,"398":0,"399":0,"400":0,"402":0,"403":0,"406":0,"407":0,"408":0,"409":0,"412":1,"413":0,"414":0,"415":0,"416":0,"419":1,"420":0,"421":0,"422":0,"423":0,"424":0,"425":0,"427":0,"428":0,"431":0,"432":0,"433":0,"435":0,"436":0,"437":0,"438":0,"439":0,"442":1,"443":0,"444":0,"445":0,"446":0,"447":0,"448":0,"450":0,"451":0,"454":0,"455":0,"456":0,"460":1,"461":0,"462":0,"463":0,"464":0,"467":1,"468":0,"469":0,"470":0,"472":0,"473":0,"474":0,"475":0,"477":0,"478":0,"481":0,"482":0,"483":0,"484":0,"485":0,"486":0,"487":0,"488":0,"491":0,"492":0,"493":0,"494":0,"495":0,"498":1,"499":0,"500":0,"501":0,"502":0,"503":0,"505":0,"506":0,"510":1,"511":0,"512":0,"513":0,"514":0,"515":0,"516":0,"518":0,"519":0,"522":0,"523":0,"524":0,"528":1,"529":0,"530":0,"531":0,"532":0,"535":1,"536":0,"537":0,"538":0,"539":0,"542":1,"543":0,"544":0,"545":0,"547":0,"548":0,"549":0,"550":0,"552":0,"553":0,"556":0,"557":0,"558":0,"559":0,"560":0,"562":0,"563":0,"565":0,"566":0,"567":0,"570":0,"571":0,"572":0,"573":0,"574":0,"577":1,"578":0,"579":0,"580":0,"581":0,"582":0,"583":0,"585":0,"586":0,"589":0,"590":0,"591":0,"595":1,"596":0,"597":0,"600":1,"601":0,"604":1}}}